Compiling the C compiler identification source file "CMakeCCompilerId.c" failed.
Compiler: /Users/ryan/programs/ruis/android/tools/android-ndk-r16b/toolchains/arm-linux-androideabi-4.9/prebuilt/darwin-x86_64/bin/arm-linux-androideabi-gcc 
Build flags: 
Id flags:  

The output was:
1
/Users/ryan/programs/ruis/android/tools/android-ndk-r16b/toolchains/arm-linux-androideabi-4.9/prebuilt/darwin-x86_64/bin/../lib/gcc/arm-linux-androideabi/4.9.x/../../../../arm-linux-androideabi/bin/ld: error: cannot open crtbegin_dynamic.o: No such file or directory
/Users/ryan/programs/ruis/android/tools/android-ndk-r16b/toolchains/arm-linux-androideabi-4.9/prebuilt/darwin-x86_64/bin/../lib/gcc/arm-linux-androideabi/4.9.x/../../../../arm-linux-androideabi/bin/ld: error: cannot open crtend_android.o: No such file or directory
/Users/ryan/programs/ruis/android/tools/android-ndk-r16b/toolchains/arm-linux-androideabi-4.9/prebuilt/darwin-x86_64/bin/../lib/gcc/arm-linux-androideabi/4.9.x/../../../../arm-linux-androideabi/bin/ld: error: cannot find -lc
/Users/ryan/programs/ruis/android/tools/android-ndk-r16b/toolchains/arm-linux-androideabi-4.9/prebuilt/darwin-x86_64/bin/../lib/gcc/arm-linux-androideabi/4.9.x/../../../../arm-linux-androideabi/bin/ld: error: cannot find -ldl
collect2: error: ld returned 1 exit status


Compiling the CXX compiler identification source file "CMakeCXXCompilerId.cpp" failed.
Compiler: /Users/ryan/programs/ruis/android/tools/android-ndk-r16b/toolchains/arm-linux-androideabi-4.9/prebuilt/darwin-x86_64/bin/arm-linux-androideabi-g++ 
Build flags: 
Id flags:  

The output was:
1
/Users/ryan/programs/ruis/android/tools/android-ndk-r16b/toolchains/arm-linux-androideabi-4.9/prebuilt/darwin-x86_64/bin/../lib/gcc/arm-linux-androideabi/4.9.x/../../../../arm-linux-androideabi/bin/ld: error: cannot open crtbegin_dynamic.o: No such file or directory
/Users/ryan/programs/ruis/android/tools/android-ndk-r16b/toolchains/arm-linux-androideabi-4.9/prebuilt/darwin-x86_64/bin/../lib/gcc/arm-linux-androideabi/4.9.x/../../../../arm-linux-androideabi/bin/ld: error: cannot open crtend_android.o: No such file or directory
/Users/ryan/programs/ruis/android/tools/android-ndk-r16b/toolchains/arm-linux-androideabi-4.9/prebuilt/darwin-x86_64/bin/../lib/gcc/arm-linux-androideabi/4.9.x/../../../../arm-linux-androideabi/bin/ld: error: cannot find -lstdc++
/Users/ryan/programs/ruis/android/tools/android-ndk-r16b/toolchains/arm-linux-androideabi-4.9/prebuilt/darwin-x86_64/bin/../lib/gcc/arm-linux-androideabi/4.9.x/../../../../arm-linux-androideabi/bin/ld: error: cannot find -lm
/Users/ryan/programs/ruis/android/tools/android-ndk-r16b/toolchains/arm-linux-androideabi-4.9/prebuilt/darwin-x86_64/bin/../lib/gcc/arm-linux-androideabi/4.9.x/../../../../arm-linux-androideabi/bin/ld: error: cannot find -lc
/Users/ryan/programs/ruis/android/tools/android-ndk-r16b/toolchains/arm-linux-androideabi-4.9/prebuilt/darwin-x86_64/bin/../lib/gcc/arm-linux-androideabi/4.9.x/../../../../arm-linux-androideabi/bin/ld: error: cannot find -ldl
collect2: error: ld returned 1 exit status


Performing C++ SOURCE FILE Test CC_HAS_STACK_REALIGN failed with the following output:
Change Dir: /Users/ryan/programs/ruis/android/ffmpeg/FFmpeg/libx265/build/arm-linux/CMakeFiles/CMakeTmp

Run Build Command(s):/usr/bin/make cmTC_6b845/fast && /Library/Developer/CommandLineTools/usr/bin/make  -f CMakeFiles/cmTC_6b845.dir/build.make CMakeFiles/cmTC_6b845.dir/build
Building CXX object CMakeFiles/cmTC_6b845.dir/src.cxx.o
/Users/ryan/programs/ruis/android/tools/android-ndk-r16b/toolchains/arm-linux-androideabi-4.9/prebuilt/darwin-x86_64/bin/arm-linux-androideabi-g++ --sysroot=/Users/ryan/programs/ruis/android/tools/android-ndk-r16b/platforms/android-16/arch-arm  -I/Users/ryan/programs/ruis/android/tools/android-ndk-r16b/sysroot/usr/include -I/Users/ryan/programs/ruis/android/tools/android-ndk-r16b/sysroot/usr/include/arm-linux-androideabi -I/Users/ryan/programs/ruis/android/tools/android-ndk-r16b/sources/cxx-stl/gnu-libstdc++/4.9/include -I/Users/ryan/programs/ruis/android/tools/android-ndk-r16b/sources/cxx-stl/gnu-libstdc++/4.9/libs/armeabi-v7a/include -DCC_HAS_STACK_REALIGN   -mstackrealign -o CMakeFiles/cmTC_6b845.dir/src.cxx.o -c /Users/ryan/programs/ruis/android/ffmpeg/FFmpeg/libx265/build/arm-linux/CMakeFiles/CMakeTmp/src.cxx
arm-linux-androideabi-g++: error: unrecognized command line option '-mstackrealign'
make[1]: *** [CMakeFiles/cmTC_6b845.dir/src.cxx.o] Error 1
make: *** [cmTC_6b845/fast] Error 2


Source file was:
int main() { return 0; }
