The target system is: Linux -  - arm
The host system is: Darwin - 19.6.0 - x86_64
Compiling the C compiler identification source file "CMakeCCompilerId.c" succeeded.
Compiler: /Users/ryan/programs/ruis/android/tools/android-ndk-r16b/toolchains/arm-linux-androideabi-4.9/prebuilt/darwin-x86_64/bin/arm-linux-androideabi-gcc 
Build flags: 
Id flags: -c 

The output was:
0


Compilation of the C compiler identification source "CMakeCCompilerId.c" produced "CMakeCCompilerId.o"

The C compiler identification is GNU, found in "/Users/ryan/programs/ruis/android/ffmpeg/FFmpeg/libx265/build/arm-linux/CMakeFiles/3.18.2/CompilerIdC/CMakeCCompilerId.o"

Compiling the CXX compiler identification source file "CMakeCXXCompilerId.cpp" succeeded.
Compiler: /Users/ryan/programs/ruis/android/tools/android-ndk-r16b/toolchains/arm-linux-androideabi-4.9/prebuilt/darwin-x86_64/bin/arm-linux-androideabi-g++ 
Build flags: 
Id flags: -c 

The output was:
0


Compilation of the CXX compiler identification source "CMakeCXXCompilerId.cpp" produced "CMakeCXXCompilerId.o"

The CXX compiler identification is GNU, found in "/Users/ryan/programs/ruis/android/ffmpeg/FFmpeg/libx265/build/arm-linux/CMakeFiles/3.18.2/CompilerIdCXX/CMakeCXXCompilerId.o"

Detecting C compiler ABI info compiled with the following output:
Change Dir: /Users/ryan/programs/ruis/android/ffmpeg/FFmpeg/libx265/build/arm-linux/CMakeFiles/CMakeTmp

Run Build Command(s):/usr/bin/make cmTC_e8243/fast && /Library/Developer/CommandLineTools/usr/bin/make  -f CMakeFiles/cmTC_e8243.dir/build.make CMakeFiles/cmTC_e8243.dir/build
Building C object CMakeFiles/cmTC_e8243.dir/CMakeCCompilerABI.c.o
/Users/ryan/programs/ruis/android/tools/android-ndk-r16b/toolchains/arm-linux-androideabi-4.9/prebuilt/darwin-x86_64/bin/arm-linux-androideabi-gcc --sysroot=/Users/ryan/programs/ruis/android/tools/android-ndk-r16b/platforms/android-16/arch-arm   -v -o CMakeFiles/cmTC_e8243.dir/CMakeCCompilerABI.c.o -c /usr/local/Cellar/cmake/3.18.2/share/cmake/Modules/CMakeCCompilerABI.c
Using built-in specs.
COLLECT_GCC=/Users/ryan/programs/ruis/android/tools/android-ndk-r16b/toolchains/arm-linux-androideabi-4.9/prebuilt/darwin-x86_64/bin/arm-linux-androideabi-gcc
Target: arm-linux-androideabi
Configured with: /Volumes/Android/buildbot/src/android/gcc/toolchain/build/../gcc/gcc-4.9/configure --prefix=/tmp/b4566ac8ab7a8039eb0f097bbc2e31fa --target=arm-linux-androideabi --host=x86_64-apple-darwin --build=x86_64-apple-darwin --with-gnu-as --with-gnu-ld --enable-languages=c,c++ --with-gmp=/buildbot/tmp/build/toolchain/temp-install --with-mpfr=/buildbot/tmp/build/toolchain/temp-install --with-mpc=/buildbot/tmp/build/toolchain/temp-install --with-cloog=/buildbot/tmp/build/toolchain/temp-install --with-isl=/buildbot/tmp/build/toolchain/temp-install --with-ppl=/buildbot/tmp/build/toolchain/temp-install --disable-ppl-version-check --disable-cloog-version-check --disable-isl-version-check --enable-cloog-backend=isl --with-host-libstdcxx='-static-libgcc -lstdc++ -lm' --disable-libssp --enable-threads --disable-nls --disable-libmudflap --disable-libgomp --disable-libstdc__-v3 --disable-sjlj-exceptions --disable-shared --disable-tls --disable-libitm --with-float=soft --with-fpu=vfp --with-arch=armv5te --enable-target-optspace --enable-bionic-libs --enable-libatomic-ifuncs=no --enable-initfini-array --disable-nls --prefix=/tmp/b4566ac8ab7a8039eb0f097bbc2e31fa --with-sysroot=/tmp/b4566ac8ab7a8039eb0f097bbc2e31fa/sysroot --with-binutils-version=2.27 --with-mpfr-version=3.1.1 --with-mpc-version=1.0.1 --with-gmp-version=5.0.5 --with-gcc-version=4.9 --with-gdb-version=none --with-gxx-include-dir=/tmp/b4566ac8ab7a8039eb0f097bbc2e31fa/include/c++/4.9.x --with-bugurl=http://source.android.com/source/report-bugs.html --enable-languages=c,c++ --disable-bootstrap --enable-plugins --enable-libgomp --enable-gnu-indirect-function --disable-libsanitizer --enable-gold --enable-threads --enable-eh-frame-hdr-for-static --enable-graphite=yes --with-isl-version=0.11.1 --with-cloog-version=0.18.0 --with-arch=armv5te --program-transform-name='s&^&arm-linux-androideabi-&' --enable-gold=default
Thread model: posix
gcc version 4.9.x 20150123 (prerelease) (GCC) 
COLLECT_GCC_OPTIONS='-v' '-o' 'CMakeFiles/cmTC_e8243.dir/CMakeCCompilerABI.c.o' '-c' '-march=armv5te' '-mfloat-abi=soft' '-mfpu=vfp' '-mtls-dialect=gnu'
 /Users/ryan/programs/ruis/android/tools/android-ndk-r16b/toolchains/arm-linux-androideabi-4.9/prebuilt/darwin-x86_64/bin/../libexec/gcc/arm-linux-androideabi/4.9.x/cc1 -quiet -v -iprefix /Users/ryan/programs/ruis/android/tools/android-ndk-r16b/toolchains/arm-linux-androideabi-4.9/prebuilt/darwin-x86_64/bin/../lib/gcc/arm-linux-androideabi/4.9.x/ -isysroot /Users/ryan/programs/ruis/android/tools/android-ndk-r16b/platforms/android-16/arch-arm /usr/local/Cellar/cmake/3.18.2/share/cmake/Modules/CMakeCCompilerABI.c -mbionic -fpic -quiet -dumpbase CMakeCCompilerABI.c -march=armv5te -mfloat-abi=soft -mfpu=vfp -mtls-dialect=gnu -auxbase-strip CMakeFiles/cmTC_e8243.dir/CMakeCCompilerABI.c.o -version -o /var/folders/qg/wclv6z9x5x3_wkyljmqynd5c0000gn/T//ccIO2pct.s
GNU C (GCC) version 4.9.x 20150123 (prerelease) (arm-linux-androideabi)
	compiled by GNU C version 4.2.1 (Apple Inc. build 5666) (dot 3), GMP version 5.0.5, MPFR version 3.1.1, MPC version 1.0.1
GGC heuristics: --param ggc-min-expand=100 --param ggc-min-heapsize=131072
ignoring nonexistent directory "/Users/ryan/programs/ruis/android/tools/android-ndk-r16b/toolchains/arm-linux-androideabi-4.9/prebuilt/darwin-x86_64/bin/../lib/gcc/arm-linux-androideabi/4.9.x/../../../../arm-linux-androideabi/include"
ignoring duplicate directory "/Users/ryan/programs/ruis/android/tools/android-ndk-r16b/toolchains/arm-linux-androideabi-4.9/prebuilt/darwin-x86_64/bin/../lib/gcc/../../lib/gcc/arm-linux-androideabi/4.9.x/include"
ignoring nonexistent directory "/Users/ryan/programs/ruis/android/tools/android-ndk-r16b/platforms/android-16/arch-arm/usr/local/include"
ignoring duplicate directory "/Users/ryan/programs/ruis/android/tools/android-ndk-r16b/toolchains/arm-linux-androideabi-4.9/prebuilt/darwin-x86_64/bin/../lib/gcc/../../lib/gcc/arm-linux-androideabi/4.9.x/include-fixed"
ignoring nonexistent directory "/Users/ryan/programs/ruis/android/tools/android-ndk-r16b/toolchains/arm-linux-androideabi-4.9/prebuilt/darwin-x86_64/bin/../lib/gcc/../../lib/gcc/arm-linux-androideabi/4.9.x/../../../../arm-linux-androideabi/include"
ignoring nonexistent directory "/Users/ryan/programs/ruis/android/tools/android-ndk-r16b/platforms/android-16/arch-arm/usr/include"
#include "..." search starts here:
#include <...> search starts here:
 /Users/ryan/programs/ruis/android/tools/android-ndk-r16b/toolchains/arm-linux-androideabi-4.9/prebuilt/darwin-x86_64/bin/../lib/gcc/arm-linux-androideabi/4.9.x/include
 /Users/ryan/programs/ruis/android/tools/android-ndk-r16b/toolchains/arm-linux-androideabi-4.9/prebuilt/darwin-x86_64/bin/../lib/gcc/arm-linux-androideabi/4.9.x/include-fixed
End of search list.
GNU C (GCC) version 4.9.x 20150123 (prerelease) (arm-linux-androideabi)
	compiled by GNU C version 4.2.1 (Apple Inc. build 5666) (dot 3), GMP version 5.0.5, MPFR version 3.1.1, MPC version 1.0.1
GGC heuristics: --param ggc-min-expand=100 --param ggc-min-heapsize=131072
Compiler executable checksum: f44464cb07eb54f74d7b5c976af8f1e3
COLLECT_GCC_OPTIONS='-v' '-o' 'CMakeFiles/cmTC_e8243.dir/CMakeCCompilerABI.c.o' '-c' '-march=armv5te' '-mfloat-abi=soft' '-mfpu=vfp' '-mtls-dialect=gnu'
 /Users/ryan/programs/ruis/android/tools/android-ndk-r16b/toolchains/arm-linux-androideabi-4.9/prebuilt/darwin-x86_64/bin/../lib/gcc/arm-linux-androideabi/4.9.x/../../../../arm-linux-androideabi/bin/as -v -march=armv5te -mfloat-abi=soft -mfpu=vfp -meabi=5 --noexecstack -o CMakeFiles/cmTC_e8243.dir/CMakeCCompilerABI.c.o /var/folders/qg/wclv6z9x5x3_wkyljmqynd5c0000gn/T//ccIO2pct.s
GNU assembler version 2.27.0 (arm-linux-androideabi) using BFD version (binutils-2.27-53dd00a) 2.27.0.20170315
COMPILER_PATH=/Users/ryan/programs/ruis/android/tools/android-ndk-r16b/toolchains/arm-linux-androideabi-4.9/prebuilt/darwin-x86_64/bin/../libexec/gcc/arm-linux-androideabi/4.9.x/:/Users/ryan/programs/ruis/android/tools/android-ndk-r16b/toolchains/arm-linux-androideabi-4.9/prebuilt/darwin-x86_64/bin/../libexec/gcc/:/Users/ryan/programs/ruis/android/tools/android-ndk-r16b/toolchains/arm-linux-androideabi-4.9/prebuilt/darwin-x86_64/bin/../lib/gcc/arm-linux-androideabi/4.9.x/../../../../arm-linux-androideabi/bin/
LIBRARY_PATH=/Users/ryan/programs/ruis/android/tools/android-ndk-r16b/toolchains/arm-linux-androideabi-4.9/prebuilt/darwin-x86_64/bin/../lib/gcc/arm-linux-androideabi/4.9.x/:/Users/ryan/programs/ruis/android/tools/android-ndk-r16b/toolchains/arm-linux-androideabi-4.9/prebuilt/darwin-x86_64/bin/../lib/gcc/:/Users/ryan/programs/ruis/android/tools/android-ndk-r16b/toolchains/arm-linux-androideabi-4.9/prebuilt/darwin-x86_64/bin/../lib/gcc/arm-linux-androideabi/4.9.x/../../../../arm-linux-androideabi/lib/:/Users/ryan/programs/ruis/android/tools/android-ndk-r16b/platforms/android-16/arch-arm/usr/lib/
COLLECT_GCC_OPTIONS='-v' '-o' 'CMakeFiles/cmTC_e8243.dir/CMakeCCompilerABI.c.o' '-c' '-march=armv5te' '-mfloat-abi=soft' '-mfpu=vfp' '-mtls-dialect=gnu'
Linking C executable cmTC_e8243
/usr/local/Cellar/cmake/3.18.2/bin/cmake -E cmake_link_script CMakeFiles/cmTC_e8243.dir/link.txt --verbose=1
/Users/ryan/programs/ruis/android/tools/android-ndk-r16b/toolchains/arm-linux-androideabi-4.9/prebuilt/darwin-x86_64/bin/arm-linux-androideabi-gcc --sysroot=/Users/ryan/programs/ruis/android/tools/android-ndk-r16b/platforms/android-16/arch-arm  -v -rdynamic CMakeFiles/cmTC_e8243.dir/CMakeCCompilerABI.c.o -o cmTC_e8243   -L/Users/ryan/programs/ruis/android/tools/android-ndk-r16b/platforms/android-16/arch-arm/usr/lib 
Using built-in specs.
COLLECT_GCC=/Users/ryan/programs/ruis/android/tools/android-ndk-r16b/toolchains/arm-linux-androideabi-4.9/prebuilt/darwin-x86_64/bin/arm-linux-androideabi-gcc
COLLECT_LTO_WRAPPER=/Users/ryan/programs/ruis/android/tools/android-ndk-r16b/toolchains/arm-linux-androideabi-4.9/prebuilt/darwin-x86_64/bin/../libexec/gcc/arm-linux-androideabi/4.9.x/lto-wrapper
Target: arm-linux-androideabi
Configured with: /Volumes/Android/buildbot/src/android/gcc/toolchain/build/../gcc/gcc-4.9/configure --prefix=/tmp/b4566ac8ab7a8039eb0f097bbc2e31fa --target=arm-linux-androideabi --host=x86_64-apple-darwin --build=x86_64-apple-darwin --with-gnu-as --with-gnu-ld --enable-languages=c,c++ --with-gmp=/buildbot/tmp/build/toolchain/temp-install --with-mpfr=/buildbot/tmp/build/toolchain/temp-install --with-mpc=/buildbot/tmp/build/toolchain/temp-install --with-cloog=/buildbot/tmp/build/toolchain/temp-install --with-isl=/buildbot/tmp/build/toolchain/temp-install --with-ppl=/buildbot/tmp/build/toolchain/temp-install --disable-ppl-version-check --disable-cloog-version-check --disable-isl-version-check --enable-cloog-backend=isl --with-host-libstdcxx='-static-libgcc -lstdc++ -lm' --disable-libssp --enable-threads --disable-nls --disable-libmudflap --disable-libgomp --disable-libstdc__-v3 --disable-sjlj-exceptions --disable-shared --disable-tls --disable-libitm --with-float=soft --with-fpu=vfp --with-arch=armv5te --enable-target-optspace --enable-bionic-libs --enable-libatomic-ifuncs=no --enable-initfini-array --disable-nls --prefix=/tmp/b4566ac8ab7a8039eb0f097bbc2e31fa --with-sysroot=/tmp/b4566ac8ab7a8039eb0f097bbc2e31fa/sysroot --with-binutils-version=2.27 --with-mpfr-version=3.1.1 --with-mpc-version=1.0.1 --with-gmp-version=5.0.5 --with-gcc-version=4.9 --with-gdb-version=none --with-gxx-include-dir=/tmp/b4566ac8ab7a8039eb0f097bbc2e31fa/include/c++/4.9.x --with-bugurl=http://source.android.com/source/report-bugs.html --enable-languages=c,c++ --disable-bootstrap --enable-plugins --enable-libgomp --enable-gnu-indirect-function --disable-libsanitizer --enable-gold --enable-threads --enable-eh-frame-hdr-for-static --enable-graphite=yes --with-isl-version=0.11.1 --with-cloog-version=0.18.0 --with-arch=armv5te --program-transform-name='s&^&arm-linux-androideabi-&' --enable-gold=default
Thread model: posix
gcc version 4.9.x 20150123 (prerelease) (GCC) 
COMPILER_PATH=/Users/ryan/programs/ruis/android/tools/android-ndk-r16b/toolchains/arm-linux-androideabi-4.9/prebuilt/darwin-x86_64/bin/../libexec/gcc/arm-linux-androideabi/4.9.x/:/Users/ryan/programs/ruis/android/tools/android-ndk-r16b/toolchains/arm-linux-androideabi-4.9/prebuilt/darwin-x86_64/bin/../libexec/gcc/:/Users/ryan/programs/ruis/android/tools/android-ndk-r16b/toolchains/arm-linux-androideabi-4.9/prebuilt/darwin-x86_64/bin/../lib/gcc/arm-linux-androideabi/4.9.x/../../../../arm-linux-androideabi/bin/
LIBRARY_PATH=/Users/ryan/programs/ruis/android/tools/android-ndk-r16b/toolchains/arm-linux-androideabi-4.9/prebuilt/darwin-x86_64/bin/../lib/gcc/arm-linux-androideabi/4.9.x/:/Users/ryan/programs/ruis/android/tools/android-ndk-r16b/toolchains/arm-linux-androideabi-4.9/prebuilt/darwin-x86_64/bin/../lib/gcc/:/Users/ryan/programs/ruis/android/tools/android-ndk-r16b/toolchains/arm-linux-androideabi-4.9/prebuilt/darwin-x86_64/bin/../lib/gcc/arm-linux-androideabi/4.9.x/../../../../arm-linux-androideabi/lib/:/Users/ryan/programs/ruis/android/tools/android-ndk-r16b/platforms/android-16/arch-arm/usr/lib/
COLLECT_GCC_OPTIONS='-v' '-rdynamic' '-o' 'cmTC_e8243' '-L/Users/ryan/programs/ruis/android/tools/android-ndk-r16b/platforms/android-16/arch-arm/usr/lib' '-march=armv5te' '-mfloat-abi=soft' '-mfpu=vfp' '-mtls-dialect=gnu'
 /Users/ryan/programs/ruis/android/tools/android-ndk-r16b/toolchains/arm-linux-androideabi-4.9/prebuilt/darwin-x86_64/bin/../libexec/gcc/arm-linux-androideabi/4.9.x/collect2 -plugin /Users/ryan/programs/ruis/android/tools/android-ndk-r16b/toolchains/arm-linux-androideabi-4.9/prebuilt/darwin-x86_64/bin/../libexec/gcc/arm-linux-androideabi/4.9.x/liblto_plugin.so -plugin-opt=/Users/ryan/programs/ruis/android/tools/android-ndk-r16b/toolchains/arm-linux-androideabi-4.9/prebuilt/darwin-x86_64/bin/../libexec/gcc/arm-linux-androideabi/4.9.x/lto-wrapper -plugin-opt=-fresolution=/var/folders/qg/wclv6z9x5x3_wkyljmqynd5c0000gn/T//cczH2wXB.res -plugin-opt=-pass-through=-lgcc -plugin-opt=-pass-through=-lc -plugin-opt=-pass-through=-ldl -plugin-opt=-pass-through=-lgcc --sysroot=/Users/ryan/programs/ruis/android/tools/android-ndk-r16b/platforms/android-16/arch-arm --eh-frame-hdr -export-dynamic -dynamic-linker /system/bin/linker -X -m armelf_linux_eabi -z noexecstack -z relro -z now -o cmTC_e8243 /Users/ryan/programs/ruis/android/tools/android-ndk-r16b/platforms/android-16/arch-arm/usr/lib/crtbegin_dynamic.o -L/Users/ryan/programs/ruis/android/tools/android-ndk-r16b/platforms/android-16/arch-arm/usr/lib -L/Users/ryan/programs/ruis/android/tools/android-ndk-r16b/toolchains/arm-linux-androideabi-4.9/prebuilt/darwin-x86_64/bin/../lib/gcc/arm-linux-androideabi/4.9.x -L/Users/ryan/programs/ruis/android/tools/android-ndk-r16b/toolchains/arm-linux-androideabi-4.9/prebuilt/darwin-x86_64/bin/../lib/gcc -L/Users/ryan/programs/ruis/android/tools/android-ndk-r16b/toolchains/arm-linux-androideabi-4.9/prebuilt/darwin-x86_64/bin/../lib/gcc/arm-linux-androideabi/4.9.x/../../../../arm-linux-androideabi/lib -L/Users/ryan/programs/ruis/android/tools/android-ndk-r16b/platforms/android-16/arch-arm/usr/lib CMakeFiles/cmTC_e8243.dir/CMakeCCompilerABI.c.o -lgcc -lc -ldl -lgcc /Users/ryan/programs/ruis/android/tools/android-ndk-r16b/platforms/android-16/arch-arm/usr/lib/crtend_android.o



Parsed C implicit include dir info from above output: rv=done
  found start of include info
  found start of implicit include info
    add: [/Users/ryan/programs/ruis/android/tools/android-ndk-r16b/toolchains/arm-linux-androideabi-4.9/prebuilt/darwin-x86_64/bin/../lib/gcc/arm-linux-androideabi/4.9.x/include]
    add: [/Users/ryan/programs/ruis/android/tools/android-ndk-r16b/toolchains/arm-linux-androideabi-4.9/prebuilt/darwin-x86_64/bin/../lib/gcc/arm-linux-androideabi/4.9.x/include-fixed]
  end of search list found
  collapse include dir [/Users/ryan/programs/ruis/android/tools/android-ndk-r16b/toolchains/arm-linux-androideabi-4.9/prebuilt/darwin-x86_64/bin/../lib/gcc/arm-linux-androideabi/4.9.x/include] ==> [/Users/ryan/programs/ruis/android/tools/android-ndk-r16b/toolchains/arm-linux-androideabi-4.9/prebuilt/darwin-x86_64/lib/gcc/arm-linux-androideabi/4.9.x/include]
  collapse include dir [/Users/ryan/programs/ruis/android/tools/android-ndk-r16b/toolchains/arm-linux-androideabi-4.9/prebuilt/darwin-x86_64/bin/../lib/gcc/arm-linux-androideabi/4.9.x/include-fixed] ==> [/Users/ryan/programs/ruis/android/tools/android-ndk-r16b/toolchains/arm-linux-androideabi-4.9/prebuilt/darwin-x86_64/lib/gcc/arm-linux-androideabi/4.9.x/include-fixed]
  implicit include dirs: [/Users/ryan/programs/ruis/android/tools/android-ndk-r16b/toolchains/arm-linux-androideabi-4.9/prebuilt/darwin-x86_64/lib/gcc/arm-linux-androideabi/4.9.x/include;/Users/ryan/programs/ruis/android/tools/android-ndk-r16b/toolchains/arm-linux-androideabi-4.9/prebuilt/darwin-x86_64/lib/gcc/arm-linux-androideabi/4.9.x/include-fixed]


Parsed C implicit link information from above output:
  link line regex: [^( *|.*[/\])(arm-linux-androideabi-ld|CMAKE_LINK_STARTFILE-NOTFOUND|([^/\]+-)?ld|collect2)[^/\]*( |$)]
  ignore line: [Change Dir: /Users/ryan/programs/ruis/android/ffmpeg/FFmpeg/libx265/build/arm-linux/CMakeFiles/CMakeTmp]
  ignore line: []
  ignore line: [Run Build Command(s):/usr/bin/make cmTC_e8243/fast && /Library/Developer/CommandLineTools/usr/bin/make  -f CMakeFiles/cmTC_e8243.dir/build.make CMakeFiles/cmTC_e8243.dir/build]
  ignore line: [Building C object CMakeFiles/cmTC_e8243.dir/CMakeCCompilerABI.c.o]
  ignore line: [/Users/ryan/programs/ruis/android/tools/android-ndk-r16b/toolchains/arm-linux-androideabi-4.9/prebuilt/darwin-x86_64/bin/arm-linux-androideabi-gcc --sysroot=/Users/ryan/programs/ruis/android/tools/android-ndk-r16b/platforms/android-16/arch-arm   -v -o CMakeFiles/cmTC_e8243.dir/CMakeCCompilerABI.c.o -c /usr/local/Cellar/cmake/3.18.2/share/cmake/Modules/CMakeCCompilerABI.c]
  ignore line: [Using built-in specs.]
  ignore line: [COLLECT_GCC=/Users/ryan/programs/ruis/android/tools/android-ndk-r16b/toolchains/arm-linux-androideabi-4.9/prebuilt/darwin-x86_64/bin/arm-linux-androideabi-gcc]
  ignore line: [Target: arm-linux-androideabi]
  ignore line: [Configured with: /Volumes/Android/buildbot/src/android/gcc/toolchain/build/../gcc/gcc-4.9/configure --prefix=/tmp/b4566ac8ab7a8039eb0f097bbc2e31fa --target=arm-linux-androideabi --host=x86_64-apple-darwin --build=x86_64-apple-darwin --with-gnu-as --with-gnu-ld --enable-languages=c,c++ --with-gmp=/buildbot/tmp/build/toolchain/temp-install --with-mpfr=/buildbot/tmp/build/toolchain/temp-install --with-mpc=/buildbot/tmp/build/toolchain/temp-install --with-cloog=/buildbot/tmp/build/toolchain/temp-install --with-isl=/buildbot/tmp/build/toolchain/temp-install --with-ppl=/buildbot/tmp/build/toolchain/temp-install --disable-ppl-version-check --disable-cloog-version-check --disable-isl-version-check --enable-cloog-backend=isl --with-host-libstdcxx='-static-libgcc -lstdc++ -lm' --disable-libssp --enable-threads --disable-nls --disable-libmudflap --disable-libgomp --disable-libstdc__-v3 --disable-sjlj-exceptions --disable-shared --disable-tls --disable-libitm --with-float=soft --with-fpu=vfp --with-arch=armv5te --enable-target-optspace --enable-bionic-libs --enable-libatomic-ifuncs=no --enable-initfini-array --disable-nls --prefix=/tmp/b4566ac8ab7a8039eb0f097bbc2e31fa --with-sysroot=/tmp/b4566ac8ab7a8039eb0f097bbc2e31fa/sysroot --with-binutils-version=2.27 --with-mpfr-version=3.1.1 --with-mpc-version=1.0.1 --with-gmp-version=5.0.5 --with-gcc-version=4.9 --with-gdb-version=none --with-gxx-include-dir=/tmp/b4566ac8ab7a8039eb0f097bbc2e31fa/include/c++/4.9.x --with-bugurl=http://source.android.com/source/report-bugs.html --enable-languages=c,c++ --disable-bootstrap --enable-plugins --enable-libgomp --enable-gnu-indirect-function --disable-libsanitizer --enable-gold --enable-threads --enable-eh-frame-hdr-for-static --enable-graphite=yes --with-isl-version=0.11.1 --with-cloog-version=0.18.0 --with-arch=armv5te --program-transform-name='s&^&arm-linux-androideabi-&' --enable-gold=default]
  ignore line: [Thread model: posix]
  ignore line: [gcc version 4.9.x 20150123 (prerelease) (GCC) ]
  ignore line: [COLLECT_GCC_OPTIONS='-v' '-o' 'CMakeFiles/cmTC_e8243.dir/CMakeCCompilerABI.c.o' '-c' '-march=armv5te' '-mfloat-abi=soft' '-mfpu=vfp' '-mtls-dialect=gnu']
  ignore line: [ /Users/ryan/programs/ruis/android/tools/android-ndk-r16b/toolchains/arm-linux-androideabi-4.9/prebuilt/darwin-x86_64/bin/../libexec/gcc/arm-linux-androideabi/4.9.x/cc1 -quiet -v -iprefix /Users/ryan/programs/ruis/android/tools/android-ndk-r16b/toolchains/arm-linux-androideabi-4.9/prebuilt/darwin-x86_64/bin/../lib/gcc/arm-linux-androideabi/4.9.x/ -isysroot /Users/ryan/programs/ruis/android/tools/android-ndk-r16b/platforms/android-16/arch-arm /usr/local/Cellar/cmake/3.18.2/share/cmake/Modules/CMakeCCompilerABI.c -mbionic -fpic -quiet -dumpbase CMakeCCompilerABI.c -march=armv5te -mfloat-abi=soft -mfpu=vfp -mtls-dialect=gnu -auxbase-strip CMakeFiles/cmTC_e8243.dir/CMakeCCompilerABI.c.o -version -o /var/folders/qg/wclv6z9x5x3_wkyljmqynd5c0000gn/T//ccIO2pct.s]
  ignore line: [GNU C (GCC) version 4.9.x 20150123 (prerelease) (arm-linux-androideabi)]
  ignore line: [	compiled by GNU C version 4.2.1 (Apple Inc. build 5666) (dot 3)  GMP version 5.0.5  MPFR version 3.1.1  MPC version 1.0.1]
  ignore line: [GGC heuristics: --param ggc-min-expand=100 --param ggc-min-heapsize=131072]
  ignore line: [ignoring nonexistent directory "/Users/ryan/programs/ruis/android/tools/android-ndk-r16b/toolchains/arm-linux-androideabi-4.9/prebuilt/darwin-x86_64/bin/../lib/gcc/arm-linux-androideabi/4.9.x/../../../../arm-linux-androideabi/include"]
  ignore line: [ignoring duplicate directory "/Users/ryan/programs/ruis/android/tools/android-ndk-r16b/toolchains/arm-linux-androideabi-4.9/prebuilt/darwin-x86_64/bin/../lib/gcc/../../lib/gcc/arm-linux-androideabi/4.9.x/include"]
  ignore line: [ignoring nonexistent directory "/Users/ryan/programs/ruis/android/tools/android-ndk-r16b/platforms/android-16/arch-arm/usr/local/include"]
  ignore line: [ignoring duplicate directory "/Users/ryan/programs/ruis/android/tools/android-ndk-r16b/toolchains/arm-linux-androideabi-4.9/prebuilt/darwin-x86_64/bin/../lib/gcc/../../lib/gcc/arm-linux-androideabi/4.9.x/include-fixed"]
  ignore line: [ignoring nonexistent directory "/Users/ryan/programs/ruis/android/tools/android-ndk-r16b/toolchains/arm-linux-androideabi-4.9/prebuilt/darwin-x86_64/bin/../lib/gcc/../../lib/gcc/arm-linux-androideabi/4.9.x/../../../../arm-linux-androideabi/include"]
  ignore line: [ignoring nonexistent directory "/Users/ryan/programs/ruis/android/tools/android-ndk-r16b/platforms/android-16/arch-arm/usr/include"]
  ignore line: [#include "..." search starts here:]
  ignore line: [#include <...> search starts here:]
  ignore line: [ /Users/ryan/programs/ruis/android/tools/android-ndk-r16b/toolchains/arm-linux-androideabi-4.9/prebuilt/darwin-x86_64/bin/../lib/gcc/arm-linux-androideabi/4.9.x/include]
  ignore line: [ /Users/ryan/programs/ruis/android/tools/android-ndk-r16b/toolchains/arm-linux-androideabi-4.9/prebuilt/darwin-x86_64/bin/../lib/gcc/arm-linux-androideabi/4.9.x/include-fixed]
  ignore line: [End of search list.]
  ignore line: [GNU C (GCC) version 4.9.x 20150123 (prerelease) (arm-linux-androideabi)]
  ignore line: [	compiled by GNU C version 4.2.1 (Apple Inc. build 5666) (dot 3)  GMP version 5.0.5  MPFR version 3.1.1  MPC version 1.0.1]
  ignore line: [GGC heuristics: --param ggc-min-expand=100 --param ggc-min-heapsize=131072]
  ignore line: [Compiler executable checksum: f44464cb07eb54f74d7b5c976af8f1e3]
  ignore line: [COLLECT_GCC_OPTIONS='-v' '-o' 'CMakeFiles/cmTC_e8243.dir/CMakeCCompilerABI.c.o' '-c' '-march=armv5te' '-mfloat-abi=soft' '-mfpu=vfp' '-mtls-dialect=gnu']
  ignore line: [ /Users/ryan/programs/ruis/android/tools/android-ndk-r16b/toolchains/arm-linux-androideabi-4.9/prebuilt/darwin-x86_64/bin/../lib/gcc/arm-linux-androideabi/4.9.x/../../../../arm-linux-androideabi/bin/as -v -march=armv5te -mfloat-abi=soft -mfpu=vfp -meabi=5 --noexecstack -o CMakeFiles/cmTC_e8243.dir/CMakeCCompilerABI.c.o /var/folders/qg/wclv6z9x5x3_wkyljmqynd5c0000gn/T//ccIO2pct.s]
  ignore line: [GNU assembler version 2.27.0 (arm-linux-androideabi) using BFD version (binutils-2.27-53dd00a) 2.27.0.20170315]
  ignore line: [COMPILER_PATH=/Users/ryan/programs/ruis/android/tools/android-ndk-r16b/toolchains/arm-linux-androideabi-4.9/prebuilt/darwin-x86_64/bin/../libexec/gcc/arm-linux-androideabi/4.9.x/:/Users/ryan/programs/ruis/android/tools/android-ndk-r16b/toolchains/arm-linux-androideabi-4.9/prebuilt/darwin-x86_64/bin/../libexec/gcc/:/Users/ryan/programs/ruis/android/tools/android-ndk-r16b/toolchains/arm-linux-androideabi-4.9/prebuilt/darwin-x86_64/bin/../lib/gcc/arm-linux-androideabi/4.9.x/../../../../arm-linux-androideabi/bin/]
  ignore line: [LIBRARY_PATH=/Users/ryan/programs/ruis/android/tools/android-ndk-r16b/toolchains/arm-linux-androideabi-4.9/prebuilt/darwin-x86_64/bin/../lib/gcc/arm-linux-androideabi/4.9.x/:/Users/ryan/programs/ruis/android/tools/android-ndk-r16b/toolchains/arm-linux-androideabi-4.9/prebuilt/darwin-x86_64/bin/../lib/gcc/:/Users/ryan/programs/ruis/android/tools/android-ndk-r16b/toolchains/arm-linux-androideabi-4.9/prebuilt/darwin-x86_64/bin/../lib/gcc/arm-linux-androideabi/4.9.x/../../../../arm-linux-androideabi/lib/:/Users/ryan/programs/ruis/android/tools/android-ndk-r16b/platforms/android-16/arch-arm/usr/lib/]
  ignore line: [COLLECT_GCC_OPTIONS='-v' '-o' 'CMakeFiles/cmTC_e8243.dir/CMakeCCompilerABI.c.o' '-c' '-march=armv5te' '-mfloat-abi=soft' '-mfpu=vfp' '-mtls-dialect=gnu']
  ignore line: [Linking C executable cmTC_e8243]
  ignore line: [/usr/local/Cellar/cmake/3.18.2/bin/cmake -E cmake_link_script CMakeFiles/cmTC_e8243.dir/link.txt --verbose=1]
  ignore line: [/Users/ryan/programs/ruis/android/tools/android-ndk-r16b/toolchains/arm-linux-androideabi-4.9/prebuilt/darwin-x86_64/bin/arm-linux-androideabi-gcc --sysroot=/Users/ryan/programs/ruis/android/tools/android-ndk-r16b/platforms/android-16/arch-arm  -v -rdynamic CMakeFiles/cmTC_e8243.dir/CMakeCCompilerABI.c.o -o cmTC_e8243   -L/Users/ryan/programs/ruis/android/tools/android-ndk-r16b/platforms/android-16/arch-arm/usr/lib ]
  ignore line: [Using built-in specs.]
  ignore line: [COLLECT_GCC=/Users/ryan/programs/ruis/android/tools/android-ndk-r16b/toolchains/arm-linux-androideabi-4.9/prebuilt/darwin-x86_64/bin/arm-linux-androideabi-gcc]
  ignore line: [COLLECT_LTO_WRAPPER=/Users/ryan/programs/ruis/android/tools/android-ndk-r16b/toolchains/arm-linux-androideabi-4.9/prebuilt/darwin-x86_64/bin/../libexec/gcc/arm-linux-androideabi/4.9.x/lto-wrapper]
  ignore line: [Target: arm-linux-androideabi]
  ignore line: [Configured with: /Volumes/Android/buildbot/src/android/gcc/toolchain/build/../gcc/gcc-4.9/configure --prefix=/tmp/b4566ac8ab7a8039eb0f097bbc2e31fa --target=arm-linux-androideabi --host=x86_64-apple-darwin --build=x86_64-apple-darwin --with-gnu-as --with-gnu-ld --enable-languages=c,c++ --with-gmp=/buildbot/tmp/build/toolchain/temp-install --with-mpfr=/buildbot/tmp/build/toolchain/temp-install --with-mpc=/buildbot/tmp/build/toolchain/temp-install --with-cloog=/buildbot/tmp/build/toolchain/temp-install --with-isl=/buildbot/tmp/build/toolchain/temp-install --with-ppl=/buildbot/tmp/build/toolchain/temp-install --disable-ppl-version-check --disable-cloog-version-check --disable-isl-version-check --enable-cloog-backend=isl --with-host-libstdcxx='-static-libgcc -lstdc++ -lm' --disable-libssp --enable-threads --disable-nls --disable-libmudflap --disable-libgomp --disable-libstdc__-v3 --disable-sjlj-exceptions --disable-shared --disable-tls --disable-libitm --with-float=soft --with-fpu=vfp --with-arch=armv5te --enable-target-optspace --enable-bionic-libs --enable-libatomic-ifuncs=no --enable-initfini-array --disable-nls --prefix=/tmp/b4566ac8ab7a8039eb0f097bbc2e31fa --with-sysroot=/tmp/b4566ac8ab7a8039eb0f097bbc2e31fa/sysroot --with-binutils-version=2.27 --with-mpfr-version=3.1.1 --with-mpc-version=1.0.1 --with-gmp-version=5.0.5 --with-gcc-version=4.9 --with-gdb-version=none --with-gxx-include-dir=/tmp/b4566ac8ab7a8039eb0f097bbc2e31fa/include/c++/4.9.x --with-bugurl=http://source.android.com/source/report-bugs.html --enable-languages=c,c++ --disable-bootstrap --enable-plugins --enable-libgomp --enable-gnu-indirect-function --disable-libsanitizer --enable-gold --enable-threads --enable-eh-frame-hdr-for-static --enable-graphite=yes --with-isl-version=0.11.1 --with-cloog-version=0.18.0 --with-arch=armv5te --program-transform-name='s&^&arm-linux-androideabi-&' --enable-gold=default]
  ignore line: [Thread model: posix]
  ignore line: [gcc version 4.9.x 20150123 (prerelease) (GCC) ]
  ignore line: [COMPILER_PATH=/Users/ryan/programs/ruis/android/tools/android-ndk-r16b/toolchains/arm-linux-androideabi-4.9/prebuilt/darwin-x86_64/bin/../libexec/gcc/arm-linux-androideabi/4.9.x/:/Users/ryan/programs/ruis/android/tools/android-ndk-r16b/toolchains/arm-linux-androideabi-4.9/prebuilt/darwin-x86_64/bin/../libexec/gcc/:/Users/ryan/programs/ruis/android/tools/android-ndk-r16b/toolchains/arm-linux-androideabi-4.9/prebuilt/darwin-x86_64/bin/../lib/gcc/arm-linux-androideabi/4.9.x/../../../../arm-linux-androideabi/bin/]
  ignore line: [LIBRARY_PATH=/Users/ryan/programs/ruis/android/tools/android-ndk-r16b/toolchains/arm-linux-androideabi-4.9/prebuilt/darwin-x86_64/bin/../lib/gcc/arm-linux-androideabi/4.9.x/:/Users/ryan/programs/ruis/android/tools/android-ndk-r16b/toolchains/arm-linux-androideabi-4.9/prebuilt/darwin-x86_64/bin/../lib/gcc/:/Users/ryan/programs/ruis/android/tools/android-ndk-r16b/toolchains/arm-linux-androideabi-4.9/prebuilt/darwin-x86_64/bin/../lib/gcc/arm-linux-androideabi/4.9.x/../../../../arm-linux-androideabi/lib/:/Users/ryan/programs/ruis/android/tools/android-ndk-r16b/platforms/android-16/arch-arm/usr/lib/]
  ignore line: [COLLECT_GCC_OPTIONS='-v' '-rdynamic' '-o' 'cmTC_e8243' '-L/Users/ryan/programs/ruis/android/tools/android-ndk-r16b/platforms/android-16/arch-arm/usr/lib' '-march=armv5te' '-mfloat-abi=soft' '-mfpu=vfp' '-mtls-dialect=gnu']
  link line: [ /Users/ryan/programs/ruis/android/tools/android-ndk-r16b/toolchains/arm-linux-androideabi-4.9/prebuilt/darwin-x86_64/bin/../libexec/gcc/arm-linux-androideabi/4.9.x/collect2 -plugin /Users/ryan/programs/ruis/android/tools/android-ndk-r16b/toolchains/arm-linux-androideabi-4.9/prebuilt/darwin-x86_64/bin/../libexec/gcc/arm-linux-androideabi/4.9.x/liblto_plugin.so -plugin-opt=/Users/ryan/programs/ruis/android/tools/android-ndk-r16b/toolchains/arm-linux-androideabi-4.9/prebuilt/darwin-x86_64/bin/../libexec/gcc/arm-linux-androideabi/4.9.x/lto-wrapper -plugin-opt=-fresolution=/var/folders/qg/wclv6z9x5x3_wkyljmqynd5c0000gn/T//cczH2wXB.res -plugin-opt=-pass-through=-lgcc -plugin-opt=-pass-through=-lc -plugin-opt=-pass-through=-ldl -plugin-opt=-pass-through=-lgcc --sysroot=/Users/ryan/programs/ruis/android/tools/android-ndk-r16b/platforms/android-16/arch-arm --eh-frame-hdr -export-dynamic -dynamic-linker /system/bin/linker -X -m armelf_linux_eabi -z noexecstack -z relro -z now -o cmTC_e8243 /Users/ryan/programs/ruis/android/tools/android-ndk-r16b/platforms/android-16/arch-arm/usr/lib/crtbegin_dynamic.o -L/Users/ryan/programs/ruis/android/tools/android-ndk-r16b/platforms/android-16/arch-arm/usr/lib -L/Users/ryan/programs/ruis/android/tools/android-ndk-r16b/toolchains/arm-linux-androideabi-4.9/prebuilt/darwin-x86_64/bin/../lib/gcc/arm-linux-androideabi/4.9.x -L/Users/ryan/programs/ruis/android/tools/android-ndk-r16b/toolchains/arm-linux-androideabi-4.9/prebuilt/darwin-x86_64/bin/../lib/gcc -L/Users/ryan/programs/ruis/android/tools/android-ndk-r16b/toolchains/arm-linux-androideabi-4.9/prebuilt/darwin-x86_64/bin/../lib/gcc/arm-linux-androideabi/4.9.x/../../../../arm-linux-androideabi/lib -L/Users/ryan/programs/ruis/android/tools/android-ndk-r16b/platforms/android-16/arch-arm/usr/lib CMakeFiles/cmTC_e8243.dir/CMakeCCompilerABI.c.o -lgcc -lc -ldl -lgcc /Users/ryan/programs/ruis/android/tools/android-ndk-r16b/platforms/android-16/arch-arm/usr/lib/crtend_android.o]
    arg [/Users/ryan/programs/ruis/android/tools/android-ndk-r16b/toolchains/arm-linux-androideabi-4.9/prebuilt/darwin-x86_64/bin/../libexec/gcc/arm-linux-androideabi/4.9.x/collect2] ==> ignore
    arg [-plugin] ==> ignore
    arg [/Users/ryan/programs/ruis/android/tools/android-ndk-r16b/toolchains/arm-linux-androideabi-4.9/prebuilt/darwin-x86_64/bin/../libexec/gcc/arm-linux-androideabi/4.9.x/liblto_plugin.so] ==> ignore
    arg [-plugin-opt=/Users/ryan/programs/ruis/android/tools/android-ndk-r16b/toolchains/arm-linux-androideabi-4.9/prebuilt/darwin-x86_64/bin/../libexec/gcc/arm-linux-androideabi/4.9.x/lto-wrapper] ==> ignore
    arg [-plugin-opt=-fresolution=/var/folders/qg/wclv6z9x5x3_wkyljmqynd5c0000gn/T//cczH2wXB.res] ==> ignore
    arg [-plugin-opt=-pass-through=-lgcc] ==> ignore
    arg [-plugin-opt=-pass-through=-lc] ==> ignore
    arg [-plugin-opt=-pass-through=-ldl] ==> ignore
    arg [-plugin-opt=-pass-through=-lgcc] ==> ignore
    arg [--sysroot=/Users/ryan/programs/ruis/android/tools/android-ndk-r16b/platforms/android-16/arch-arm] ==> ignore
    arg [--eh-frame-hdr] ==> ignore
    arg [-export-dynamic] ==> ignore
    arg [-dynamic-linker] ==> ignore
    arg [/system/bin/linker] ==> ignore
    arg [-X] ==> ignore
    arg [-m] ==> ignore
    arg [armelf_linux_eabi] ==> ignore
    arg [-znoexecstack] ==> ignore
    arg [-zrelro] ==> ignore
    arg [-znow] ==> ignore
    arg [-o] ==> ignore
    arg [cmTC_e8243] ==> ignore
    arg [/Users/ryan/programs/ruis/android/tools/android-ndk-r16b/platforms/android-16/arch-arm/usr/lib/crtbegin_dynamic.o] ==> ignore
    arg [-L/Users/ryan/programs/ruis/android/tools/android-ndk-r16b/platforms/android-16/arch-arm/usr/lib] ==> dir [/Users/ryan/programs/ruis/android/tools/android-ndk-r16b/platforms/android-16/arch-arm/usr/lib]
    arg [-L/Users/ryan/programs/ruis/android/tools/android-ndk-r16b/toolchains/arm-linux-androideabi-4.9/prebuilt/darwin-x86_64/bin/../lib/gcc/arm-linux-androideabi/4.9.x] ==> dir [/Users/ryan/programs/ruis/android/tools/android-ndk-r16b/toolchains/arm-linux-androideabi-4.9/prebuilt/darwin-x86_64/bin/../lib/gcc/arm-linux-androideabi/4.9.x]
    arg [-L/Users/ryan/programs/ruis/android/tools/android-ndk-r16b/toolchains/arm-linux-androideabi-4.9/prebuilt/darwin-x86_64/bin/../lib/gcc] ==> dir [/Users/ryan/programs/ruis/android/tools/android-ndk-r16b/toolchains/arm-linux-androideabi-4.9/prebuilt/darwin-x86_64/bin/../lib/gcc]
    arg [-L/Users/ryan/programs/ruis/android/tools/android-ndk-r16b/toolchains/arm-linux-androideabi-4.9/prebuilt/darwin-x86_64/bin/../lib/gcc/arm-linux-androideabi/4.9.x/../../../../arm-linux-androideabi/lib] ==> dir [/Users/ryan/programs/ruis/android/tools/android-ndk-r16b/toolchains/arm-linux-androideabi-4.9/prebuilt/darwin-x86_64/bin/../lib/gcc/arm-linux-androideabi/4.9.x/../../../../arm-linux-androideabi/lib]
    arg [-L/Users/ryan/programs/ruis/android/tools/android-ndk-r16b/platforms/android-16/arch-arm/usr/lib] ==> dir [/Users/ryan/programs/ruis/android/tools/android-ndk-r16b/platforms/android-16/arch-arm/usr/lib]
    arg [CMakeFiles/cmTC_e8243.dir/CMakeCCompilerABI.c.o] ==> ignore
    arg [-lgcc] ==> lib [gcc]
    arg [-lc] ==> lib [c]
    arg [-ldl] ==> lib [dl]
    arg [-lgcc] ==> lib [gcc]
    arg [/Users/ryan/programs/ruis/android/tools/android-ndk-r16b/platforms/android-16/arch-arm/usr/lib/crtend_android.o] ==> ignore
  collapse library dir [/Users/ryan/programs/ruis/android/tools/android-ndk-r16b/platforms/android-16/arch-arm/usr/lib] ==> [/Users/ryan/programs/ruis/android/tools/android-ndk-r16b/platforms/android-16/arch-arm/usr/lib]
  collapse library dir [/Users/ryan/programs/ruis/android/tools/android-ndk-r16b/toolchains/arm-linux-androideabi-4.9/prebuilt/darwin-x86_64/bin/../lib/gcc/arm-linux-androideabi/4.9.x] ==> [/Users/ryan/programs/ruis/android/tools/android-ndk-r16b/toolchains/arm-linux-androideabi-4.9/prebuilt/darwin-x86_64/lib/gcc/arm-linux-androideabi/4.9.x]
  collapse library dir [/Users/ryan/programs/ruis/android/tools/android-ndk-r16b/toolchains/arm-linux-androideabi-4.9/prebuilt/darwin-x86_64/bin/../lib/gcc] ==> [/Users/ryan/programs/ruis/android/tools/android-ndk-r16b/toolchains/arm-linux-androideabi-4.9/prebuilt/darwin-x86_64/lib/gcc]
  collapse library dir [/Users/ryan/programs/ruis/android/tools/android-ndk-r16b/toolchains/arm-linux-androideabi-4.9/prebuilt/darwin-x86_64/bin/../lib/gcc/arm-linux-androideabi/4.9.x/../../../../arm-linux-androideabi/lib] ==> [/Users/ryan/programs/ruis/android/tools/android-ndk-r16b/toolchains/arm-linux-androideabi-4.9/prebuilt/darwin-x86_64/arm-linux-androideabi/lib]
  collapse library dir [/Users/ryan/programs/ruis/android/tools/android-ndk-r16b/platforms/android-16/arch-arm/usr/lib] ==> [/Users/ryan/programs/ruis/android/tools/android-ndk-r16b/platforms/android-16/arch-arm/usr/lib]
  implicit libs: [gcc;c;dl;gcc]
  implicit dirs: [/Users/ryan/programs/ruis/android/tools/android-ndk-r16b/platforms/android-16/arch-arm/usr/lib;/Users/ryan/programs/ruis/android/tools/android-ndk-r16b/toolchains/arm-linux-androideabi-4.9/prebuilt/darwin-x86_64/lib/gcc/arm-linux-androideabi/4.9.x;/Users/ryan/programs/ruis/android/tools/android-ndk-r16b/toolchains/arm-linux-androideabi-4.9/prebuilt/darwin-x86_64/lib/gcc;/Users/ryan/programs/ruis/android/tools/android-ndk-r16b/toolchains/arm-linux-androideabi-4.9/prebuilt/darwin-x86_64/arm-linux-androideabi/lib]
  implicit fwks: []


Detecting CXX compiler ABI info compiled with the following output:
Change Dir: /Users/ryan/programs/ruis/android/ffmpeg/FFmpeg/libx265/build/arm-linux/CMakeFiles/CMakeTmp

Run Build Command(s):/usr/bin/make cmTC_1dc01/fast && /Library/Developer/CommandLineTools/usr/bin/make  -f CMakeFiles/cmTC_1dc01.dir/build.make CMakeFiles/cmTC_1dc01.dir/build
Building CXX object CMakeFiles/cmTC_1dc01.dir/CMakeCXXCompilerABI.cpp.o
/Users/ryan/programs/ruis/android/tools/android-ndk-r16b/toolchains/arm-linux-androideabi-4.9/prebuilt/darwin-x86_64/bin/arm-linux-androideabi-g++ --sysroot=/Users/ryan/programs/ruis/android/tools/android-ndk-r16b/platforms/android-16/arch-arm   -v -o CMakeFiles/cmTC_1dc01.dir/CMakeCXXCompilerABI.cpp.o -c /usr/local/Cellar/cmake/3.18.2/share/cmake/Modules/CMakeCXXCompilerABI.cpp
Using built-in specs.
COLLECT_GCC=/Users/ryan/programs/ruis/android/tools/android-ndk-r16b/toolchains/arm-linux-androideabi-4.9/prebuilt/darwin-x86_64/bin/arm-linux-androideabi-g++
Target: arm-linux-androideabi
Configured with: /Volumes/Android/buildbot/src/android/gcc/toolchain/build/../gcc/gcc-4.9/configure --prefix=/tmp/b4566ac8ab7a8039eb0f097bbc2e31fa --target=arm-linux-androideabi --host=x86_64-apple-darwin --build=x86_64-apple-darwin --with-gnu-as --with-gnu-ld --enable-languages=c,c++ --with-gmp=/buildbot/tmp/build/toolchain/temp-install --with-mpfr=/buildbot/tmp/build/toolchain/temp-install --with-mpc=/buildbot/tmp/build/toolchain/temp-install --with-cloog=/buildbot/tmp/build/toolchain/temp-install --with-isl=/buildbot/tmp/build/toolchain/temp-install --with-ppl=/buildbot/tmp/build/toolchain/temp-install --disable-ppl-version-check --disable-cloog-version-check --disable-isl-version-check --enable-cloog-backend=isl --with-host-libstdcxx='-static-libgcc -lstdc++ -lm' --disable-libssp --enable-threads --disable-nls --disable-libmudflap --disable-libgomp --disable-libstdc__-v3 --disable-sjlj-exceptions --disable-shared --disable-tls --disable-libitm --with-float=soft --with-fpu=vfp --with-arch=armv5te --enable-target-optspace --enable-bionic-libs --enable-libatomic-ifuncs=no --enable-initfini-array --disable-nls --prefix=/tmp/b4566ac8ab7a8039eb0f097bbc2e31fa --with-sysroot=/tmp/b4566ac8ab7a8039eb0f097bbc2e31fa/sysroot --with-binutils-version=2.27 --with-mpfr-version=3.1.1 --with-mpc-version=1.0.1 --with-gmp-version=5.0.5 --with-gcc-version=4.9 --with-gdb-version=none --with-gxx-include-dir=/tmp/b4566ac8ab7a8039eb0f097bbc2e31fa/include/c++/4.9.x --with-bugurl=http://source.android.com/source/report-bugs.html --enable-languages=c,c++ --disable-bootstrap --enable-plugins --enable-libgomp --enable-gnu-indirect-function --disable-libsanitizer --enable-gold --enable-threads --enable-eh-frame-hdr-for-static --enable-graphite=yes --with-isl-version=0.11.1 --with-cloog-version=0.18.0 --with-arch=armv5te --program-transform-name='s&^&arm-linux-androideabi-&' --enable-gold=default
Thread model: posix
gcc version 4.9.x 20150123 (prerelease) (GCC) 
COLLECT_GCC_OPTIONS='-v' '-o' 'CMakeFiles/cmTC_1dc01.dir/CMakeCXXCompilerABI.cpp.o' '-c' '-march=armv5te' '-mfloat-abi=soft' '-mfpu=vfp' '-mtls-dialect=gnu'
 /Users/ryan/programs/ruis/android/tools/android-ndk-r16b/toolchains/arm-linux-androideabi-4.9/prebuilt/darwin-x86_64/bin/../libexec/gcc/arm-linux-androideabi/4.9.x/cc1plus -quiet -v -iprefix /Users/ryan/programs/ruis/android/tools/android-ndk-r16b/toolchains/arm-linux-androideabi-4.9/prebuilt/darwin-x86_64/bin/../lib/gcc/arm-linux-androideabi/4.9.x/ -isysroot /Users/ryan/programs/ruis/android/tools/android-ndk-r16b/platforms/android-16/arch-arm -D_GNU_SOURCE /usr/local/Cellar/cmake/3.18.2/share/cmake/Modules/CMakeCXXCompilerABI.cpp -mbionic -fpic -quiet -dumpbase CMakeCXXCompilerABI.cpp -march=armv5te -mfloat-abi=soft -mfpu=vfp -mtls-dialect=gnu -auxbase-strip CMakeFiles/cmTC_1dc01.dir/CMakeCXXCompilerABI.cpp.o -version -fexceptions -frtti -o /var/folders/qg/wclv6z9x5x3_wkyljmqynd5c0000gn/T//cce9ecTy.s
GNU C++ (GCC) version 4.9.x 20150123 (prerelease) (arm-linux-androideabi)
	compiled by GNU C version 4.2.1 (Apple Inc. build 5666) (dot 3), GMP version 5.0.5, MPFR version 3.1.1, MPC version 1.0.1
GGC heuristics: --param ggc-min-expand=100 --param ggc-min-heapsize=131072
ignoring nonexistent directory "/Users/ryan/programs/ruis/android/tools/android-ndk-r16b/toolchains/arm-linux-androideabi-4.9/prebuilt/darwin-x86_64/bin/../lib/gcc/arm-linux-androideabi/4.9.x/../../../../arm-linux-androideabi/include"
ignoring nonexistent directory "/Users/ryan/programs/ruis/android/tools/android-ndk-r16b/toolchains/arm-linux-androideabi-4.9/prebuilt/darwin-x86_64/bin/../lib/gcc/../../include/c++/4.9.x"
ignoring nonexistent directory "/Users/ryan/programs/ruis/android/tools/android-ndk-r16b/toolchains/arm-linux-androideabi-4.9/prebuilt/darwin-x86_64/bin/../lib/gcc/../../include/c++/4.9.x/arm-linux-androideabi"
ignoring nonexistent directory "/Users/ryan/programs/ruis/android/tools/android-ndk-r16b/toolchains/arm-linux-androideabi-4.9/prebuilt/darwin-x86_64/bin/../lib/gcc/../../include/c++/4.9.x/backward"
ignoring duplicate directory "/Users/ryan/programs/ruis/android/tools/android-ndk-r16b/toolchains/arm-linux-androideabi-4.9/prebuilt/darwin-x86_64/bin/../lib/gcc/../../lib/gcc/arm-linux-androideabi/4.9.x/include"
ignoring nonexistent directory "/Users/ryan/programs/ruis/android/tools/android-ndk-r16b/platforms/android-16/arch-arm/usr/local/include"
ignoring duplicate directory "/Users/ryan/programs/ruis/android/tools/android-ndk-r16b/toolchains/arm-linux-androideabi-4.9/prebuilt/darwin-x86_64/bin/../lib/gcc/../../lib/gcc/arm-linux-androideabi/4.9.x/include-fixed"
ignoring nonexistent directory "/Users/ryan/programs/ruis/android/tools/android-ndk-r16b/toolchains/arm-linux-androideabi-4.9/prebuilt/darwin-x86_64/bin/../lib/gcc/../../lib/gcc/arm-linux-androideabi/4.9.x/../../../../arm-linux-androideabi/include"
ignoring nonexistent directory "/Users/ryan/programs/ruis/android/tools/android-ndk-r16b/platforms/android-16/arch-arm/usr/include"
#include "..." search starts here:
#include <...> search starts here:
 /Users/ryan/programs/ruis/android/tools/android-ndk-r16b/toolchains/arm-linux-androideabi-4.9/prebuilt/darwin-x86_64/bin/../lib/gcc/arm-linux-androideabi/4.9.x/include
 /Users/ryan/programs/ruis/android/tools/android-ndk-r16b/toolchains/arm-linux-androideabi-4.9/prebuilt/darwin-x86_64/bin/../lib/gcc/arm-linux-androideabi/4.9.x/include-fixed
End of search list.
GNU C++ (GCC) version 4.9.x 20150123 (prerelease) (arm-linux-androideabi)
	compiled by GNU C version 4.2.1 (Apple Inc. build 5666) (dot 3), GMP version 5.0.5, MPFR version 3.1.1, MPC version 1.0.1
GGC heuristics: --param ggc-min-expand=100 --param ggc-min-heapsize=131072
Compiler executable checksum: 26b9462795912805fdcf9ba938dd8818
COLLECT_GCC_OPTIONS='-v' '-o' 'CMakeFiles/cmTC_1dc01.dir/CMakeCXXCompilerABI.cpp.o' '-c' '-march=armv5te' '-mfloat-abi=soft' '-mfpu=vfp' '-mtls-dialect=gnu'
 /Users/ryan/programs/ruis/android/tools/android-ndk-r16b/toolchains/arm-linux-androideabi-4.9/prebuilt/darwin-x86_64/bin/../lib/gcc/arm-linux-androideabi/4.9.x/../../../../arm-linux-androideabi/bin/as -v -march=armv5te -mfloat-abi=soft -mfpu=vfp -meabi=5 --noexecstack -o CMakeFiles/cmTC_1dc01.dir/CMakeCXXCompilerABI.cpp.o /var/folders/qg/wclv6z9x5x3_wkyljmqynd5c0000gn/T//cce9ecTy.s
GNU assembler version 2.27.0 (arm-linux-androideabi) using BFD version (binutils-2.27-53dd00a) 2.27.0.20170315
COMPILER_PATH=/Users/ryan/programs/ruis/android/tools/android-ndk-r16b/toolchains/arm-linux-androideabi-4.9/prebuilt/darwin-x86_64/bin/../libexec/gcc/arm-linux-androideabi/4.9.x/:/Users/ryan/programs/ruis/android/tools/android-ndk-r16b/toolchains/arm-linux-androideabi-4.9/prebuilt/darwin-x86_64/bin/../libexec/gcc/:/Users/ryan/programs/ruis/android/tools/android-ndk-r16b/toolchains/arm-linux-androideabi-4.9/prebuilt/darwin-x86_64/bin/../lib/gcc/arm-linux-androideabi/4.9.x/../../../../arm-linux-androideabi/bin/
LIBRARY_PATH=/Users/ryan/programs/ruis/android/tools/android-ndk-r16b/toolchains/arm-linux-androideabi-4.9/prebuilt/darwin-x86_64/bin/../lib/gcc/arm-linux-androideabi/4.9.x/:/Users/ryan/programs/ruis/android/tools/android-ndk-r16b/toolchains/arm-linux-androideabi-4.9/prebuilt/darwin-x86_64/bin/../lib/gcc/:/Users/ryan/programs/ruis/android/tools/android-ndk-r16b/toolchains/arm-linux-androideabi-4.9/prebuilt/darwin-x86_64/bin/../lib/gcc/arm-linux-androideabi/4.9.x/../../../../arm-linux-androideabi/lib/:/Users/ryan/programs/ruis/android/tools/android-ndk-r16b/platforms/android-16/arch-arm/usr/lib/
COLLECT_GCC_OPTIONS='-v' '-o' 'CMakeFiles/cmTC_1dc01.dir/CMakeCXXCompilerABI.cpp.o' '-c' '-march=armv5te' '-mfloat-abi=soft' '-mfpu=vfp' '-mtls-dialect=gnu'
Linking CXX executable cmTC_1dc01
/usr/local/Cellar/cmake/3.18.2/bin/cmake -E cmake_link_script CMakeFiles/cmTC_1dc01.dir/link.txt --verbose=1
/Users/ryan/programs/ruis/android/tools/android-ndk-r16b/toolchains/arm-linux-androideabi-4.9/prebuilt/darwin-x86_64/bin/arm-linux-androideabi-g++ --sysroot=/Users/ryan/programs/ruis/android/tools/android-ndk-r16b/platforms/android-16/arch-arm  -v -rdynamic CMakeFiles/cmTC_1dc01.dir/CMakeCXXCompilerABI.cpp.o -o cmTC_1dc01   -L/Users/ryan/programs/ruis/android/tools/android-ndk-r16b/platforms/android-16/arch-arm/usr/lib 
Using built-in specs.
COLLECT_GCC=/Users/ryan/programs/ruis/android/tools/android-ndk-r16b/toolchains/arm-linux-androideabi-4.9/prebuilt/darwin-x86_64/bin/arm-linux-androideabi-g++
COLLECT_LTO_WRAPPER=/Users/ryan/programs/ruis/android/tools/android-ndk-r16b/toolchains/arm-linux-androideabi-4.9/prebuilt/darwin-x86_64/bin/../libexec/gcc/arm-linux-androideabi/4.9.x/lto-wrapper
Target: arm-linux-androideabi
Configured with: /Volumes/Android/buildbot/src/android/gcc/toolchain/build/../gcc/gcc-4.9/configure --prefix=/tmp/b4566ac8ab7a8039eb0f097bbc2e31fa --target=arm-linux-androideabi --host=x86_64-apple-darwin --build=x86_64-apple-darwin --with-gnu-as --with-gnu-ld --enable-languages=c,c++ --with-gmp=/buildbot/tmp/build/toolchain/temp-install --with-mpfr=/buildbot/tmp/build/toolchain/temp-install --with-mpc=/buildbot/tmp/build/toolchain/temp-install --with-cloog=/buildbot/tmp/build/toolchain/temp-install --with-isl=/buildbot/tmp/build/toolchain/temp-install --with-ppl=/buildbot/tmp/build/toolchain/temp-install --disable-ppl-version-check --disable-cloog-version-check --disable-isl-version-check --enable-cloog-backend=isl --with-host-libstdcxx='-static-libgcc -lstdc++ -lm' --disable-libssp --enable-threads --disable-nls --disable-libmudflap --disable-libgomp --disable-libstdc__-v3 --disable-sjlj-exceptions --disable-shared --disable-tls --disable-libitm --with-float=soft --with-fpu=vfp --with-arch=armv5te --enable-target-optspace --enable-bionic-libs --enable-libatomic-ifuncs=no --enable-initfini-array --disable-nls --prefix=/tmp/b4566ac8ab7a8039eb0f097bbc2e31fa --with-sysroot=/tmp/b4566ac8ab7a8039eb0f097bbc2e31fa/sysroot --with-binutils-version=2.27 --with-mpfr-version=3.1.1 --with-mpc-version=1.0.1 --with-gmp-version=5.0.5 --with-gcc-version=4.9 --with-gdb-version=none --with-gxx-include-dir=/tmp/b4566ac8ab7a8039eb0f097bbc2e31fa/include/c++/4.9.x --with-bugurl=http://source.android.com/source/report-bugs.html --enable-languages=c,c++ --disable-bootstrap --enable-plugins --enable-libgomp --enable-gnu-indirect-function --disable-libsanitizer --enable-gold --enable-threads --enable-eh-frame-hdr-for-static --enable-graphite=yes --with-isl-version=0.11.1 --with-cloog-version=0.18.0 --with-arch=armv5te --program-transform-name='s&^&arm-linux-androideabi-&' --enable-gold=default
Thread model: posix
gcc version 4.9.x 20150123 (prerelease) (GCC) 
COMPILER_PATH=/Users/ryan/programs/ruis/android/tools/android-ndk-r16b/toolchains/arm-linux-androideabi-4.9/prebuilt/darwin-x86_64/bin/../libexec/gcc/arm-linux-androideabi/4.9.x/:/Users/ryan/programs/ruis/android/tools/android-ndk-r16b/toolchains/arm-linux-androideabi-4.9/prebuilt/darwin-x86_64/bin/../libexec/gcc/:/Users/ryan/programs/ruis/android/tools/android-ndk-r16b/toolchains/arm-linux-androideabi-4.9/prebuilt/darwin-x86_64/bin/../lib/gcc/arm-linux-androideabi/4.9.x/../../../../arm-linux-androideabi/bin/
LIBRARY_PATH=/Users/ryan/programs/ruis/android/tools/android-ndk-r16b/toolchains/arm-linux-androideabi-4.9/prebuilt/darwin-x86_64/bin/../lib/gcc/arm-linux-androideabi/4.9.x/:/Users/ryan/programs/ruis/android/tools/android-ndk-r16b/toolchains/arm-linux-androideabi-4.9/prebuilt/darwin-x86_64/bin/../lib/gcc/:/Users/ryan/programs/ruis/android/tools/android-ndk-r16b/toolchains/arm-linux-androideabi-4.9/prebuilt/darwin-x86_64/bin/../lib/gcc/arm-linux-androideabi/4.9.x/../../../../arm-linux-androideabi/lib/:/Users/ryan/programs/ruis/android/tools/android-ndk-r16b/platforms/android-16/arch-arm/usr/lib/
COLLECT_GCC_OPTIONS='-v' '-rdynamic' '-o' 'cmTC_1dc01' '-L/Users/ryan/programs/ruis/android/tools/android-ndk-r16b/platforms/android-16/arch-arm/usr/lib' '-march=armv5te' '-mfloat-abi=soft' '-mfpu=vfp' '-mtls-dialect=gnu'
 /Users/ryan/programs/ruis/android/tools/android-ndk-r16b/toolchains/arm-linux-androideabi-4.9/prebuilt/darwin-x86_64/bin/../libexec/gcc/arm-linux-androideabi/4.9.x/collect2 -plugin /Users/ryan/programs/ruis/android/tools/android-ndk-r16b/toolchains/arm-linux-androideabi-4.9/prebuilt/darwin-x86_64/bin/../libexec/gcc/arm-linux-androideabi/4.9.x/liblto_plugin.so -plugin-opt=/Users/ryan/programs/ruis/android/tools/android-ndk-r16b/toolchains/arm-linux-androideabi-4.9/prebuilt/darwin-x86_64/bin/../libexec/gcc/arm-linux-androideabi/4.9.x/lto-wrapper -plugin-opt=-fresolution=/var/folders/qg/wclv6z9x5x3_wkyljmqynd5c0000gn/T//ccghxF1q.res -plugin-opt=-pass-through=-lgcc -plugin-opt=-pass-through=-lc -plugin-opt=-pass-through=-ldl -plugin-opt=-pass-through=-lgcc --sysroot=/Users/ryan/programs/ruis/android/tools/android-ndk-r16b/platforms/android-16/arch-arm --eh-frame-hdr -export-dynamic -dynamic-linker /system/bin/linker -X -m armelf_linux_eabi -z noexecstack -z relro -z now -o cmTC_1dc01 /Users/ryan/programs/ruis/android/tools/android-ndk-r16b/platforms/android-16/arch-arm/usr/lib/crtbegin_dynamic.o -L/Users/ryan/programs/ruis/android/tools/android-ndk-r16b/platforms/android-16/arch-arm/usr/lib -L/Users/ryan/programs/ruis/android/tools/android-ndk-r16b/toolchains/arm-linux-androideabi-4.9/prebuilt/darwin-x86_64/bin/../lib/gcc/arm-linux-androideabi/4.9.x -L/Users/ryan/programs/ruis/android/tools/android-ndk-r16b/toolchains/arm-linux-androideabi-4.9/prebuilt/darwin-x86_64/bin/../lib/gcc -L/Users/ryan/programs/ruis/android/tools/android-ndk-r16b/toolchains/arm-linux-androideabi-4.9/prebuilt/darwin-x86_64/bin/../lib/gcc/arm-linux-androideabi/4.9.x/../../../../arm-linux-androideabi/lib -L/Users/ryan/programs/ruis/android/tools/android-ndk-r16b/platforms/android-16/arch-arm/usr/lib CMakeFiles/cmTC_1dc01.dir/CMakeCXXCompilerABI.cpp.o -lstdc++ -lm -lgcc -lc -ldl -lgcc /Users/ryan/programs/ruis/android/tools/android-ndk-r16b/platforms/android-16/arch-arm/usr/lib/crtend_android.o



Parsed CXX implicit include dir info from above output: rv=done
  found start of include info
  found start of implicit include info
    add: [/Users/ryan/programs/ruis/android/tools/android-ndk-r16b/toolchains/arm-linux-androideabi-4.9/prebuilt/darwin-x86_64/bin/../lib/gcc/arm-linux-androideabi/4.9.x/include]
    add: [/Users/ryan/programs/ruis/android/tools/android-ndk-r16b/toolchains/arm-linux-androideabi-4.9/prebuilt/darwin-x86_64/bin/../lib/gcc/arm-linux-androideabi/4.9.x/include-fixed]
  end of search list found
  collapse include dir [/Users/ryan/programs/ruis/android/tools/android-ndk-r16b/toolchains/arm-linux-androideabi-4.9/prebuilt/darwin-x86_64/bin/../lib/gcc/arm-linux-androideabi/4.9.x/include] ==> [/Users/ryan/programs/ruis/android/tools/android-ndk-r16b/toolchains/arm-linux-androideabi-4.9/prebuilt/darwin-x86_64/lib/gcc/arm-linux-androideabi/4.9.x/include]
  collapse include dir [/Users/ryan/programs/ruis/android/tools/android-ndk-r16b/toolchains/arm-linux-androideabi-4.9/prebuilt/darwin-x86_64/bin/../lib/gcc/arm-linux-androideabi/4.9.x/include-fixed] ==> [/Users/ryan/programs/ruis/android/tools/android-ndk-r16b/toolchains/arm-linux-androideabi-4.9/prebuilt/darwin-x86_64/lib/gcc/arm-linux-androideabi/4.9.x/include-fixed]
  implicit include dirs: [/Users/ryan/programs/ruis/android/tools/android-ndk-r16b/toolchains/arm-linux-androideabi-4.9/prebuilt/darwin-x86_64/lib/gcc/arm-linux-androideabi/4.9.x/include;/Users/ryan/programs/ruis/android/tools/android-ndk-r16b/toolchains/arm-linux-androideabi-4.9/prebuilt/darwin-x86_64/lib/gcc/arm-linux-androideabi/4.9.x/include-fixed]


Parsed CXX implicit link information from above output:
  link line regex: [^( *|.*[/\])(arm-linux-androideabi-ld|CMAKE_LINK_STARTFILE-NOTFOUND|([^/\]+-)?ld|collect2)[^/\]*( |$)]
  ignore line: [Change Dir: /Users/ryan/programs/ruis/android/ffmpeg/FFmpeg/libx265/build/arm-linux/CMakeFiles/CMakeTmp]
  ignore line: []
  ignore line: [Run Build Command(s):/usr/bin/make cmTC_1dc01/fast && /Library/Developer/CommandLineTools/usr/bin/make  -f CMakeFiles/cmTC_1dc01.dir/build.make CMakeFiles/cmTC_1dc01.dir/build]
  ignore line: [Building CXX object CMakeFiles/cmTC_1dc01.dir/CMakeCXXCompilerABI.cpp.o]
  ignore line: [/Users/ryan/programs/ruis/android/tools/android-ndk-r16b/toolchains/arm-linux-androideabi-4.9/prebuilt/darwin-x86_64/bin/arm-linux-androideabi-g++ --sysroot=/Users/ryan/programs/ruis/android/tools/android-ndk-r16b/platforms/android-16/arch-arm   -v -o CMakeFiles/cmTC_1dc01.dir/CMakeCXXCompilerABI.cpp.o -c /usr/local/Cellar/cmake/3.18.2/share/cmake/Modules/CMakeCXXCompilerABI.cpp]
  ignore line: [Using built-in specs.]
  ignore line: [COLLECT_GCC=/Users/ryan/programs/ruis/android/tools/android-ndk-r16b/toolchains/arm-linux-androideabi-4.9/prebuilt/darwin-x86_64/bin/arm-linux-androideabi-g++]
  ignore line: [Target: arm-linux-androideabi]
  ignore line: [Configured with: /Volumes/Android/buildbot/src/android/gcc/toolchain/build/../gcc/gcc-4.9/configure --prefix=/tmp/b4566ac8ab7a8039eb0f097bbc2e31fa --target=arm-linux-androideabi --host=x86_64-apple-darwin --build=x86_64-apple-darwin --with-gnu-as --with-gnu-ld --enable-languages=c,c++ --with-gmp=/buildbot/tmp/build/toolchain/temp-install --with-mpfr=/buildbot/tmp/build/toolchain/temp-install --with-mpc=/buildbot/tmp/build/toolchain/temp-install --with-cloog=/buildbot/tmp/build/toolchain/temp-install --with-isl=/buildbot/tmp/build/toolchain/temp-install --with-ppl=/buildbot/tmp/build/toolchain/temp-install --disable-ppl-version-check --disable-cloog-version-check --disable-isl-version-check --enable-cloog-backend=isl --with-host-libstdcxx='-static-libgcc -lstdc++ -lm' --disable-libssp --enable-threads --disable-nls --disable-libmudflap --disable-libgomp --disable-libstdc__-v3 --disable-sjlj-exceptions --disable-shared --disable-tls --disable-libitm --with-float=soft --with-fpu=vfp --with-arch=armv5te --enable-target-optspace --enable-bionic-libs --enable-libatomic-ifuncs=no --enable-initfini-array --disable-nls --prefix=/tmp/b4566ac8ab7a8039eb0f097bbc2e31fa --with-sysroot=/tmp/b4566ac8ab7a8039eb0f097bbc2e31fa/sysroot --with-binutils-version=2.27 --with-mpfr-version=3.1.1 --with-mpc-version=1.0.1 --with-gmp-version=5.0.5 --with-gcc-version=4.9 --with-gdb-version=none --with-gxx-include-dir=/tmp/b4566ac8ab7a8039eb0f097bbc2e31fa/include/c++/4.9.x --with-bugurl=http://source.android.com/source/report-bugs.html --enable-languages=c,c++ --disable-bootstrap --enable-plugins --enable-libgomp --enable-gnu-indirect-function --disable-libsanitizer --enable-gold --enable-threads --enable-eh-frame-hdr-for-static --enable-graphite=yes --with-isl-version=0.11.1 --with-cloog-version=0.18.0 --with-arch=armv5te --program-transform-name='s&^&arm-linux-androideabi-&' --enable-gold=default]
  ignore line: [Thread model: posix]
  ignore line: [gcc version 4.9.x 20150123 (prerelease) (GCC) ]
  ignore line: [COLLECT_GCC_OPTIONS='-v' '-o' 'CMakeFiles/cmTC_1dc01.dir/CMakeCXXCompilerABI.cpp.o' '-c' '-march=armv5te' '-mfloat-abi=soft' '-mfpu=vfp' '-mtls-dialect=gnu']
  ignore line: [ /Users/ryan/programs/ruis/android/tools/android-ndk-r16b/toolchains/arm-linux-androideabi-4.9/prebuilt/darwin-x86_64/bin/../libexec/gcc/arm-linux-androideabi/4.9.x/cc1plus -quiet -v -iprefix /Users/ryan/programs/ruis/android/tools/android-ndk-r16b/toolchains/arm-linux-androideabi-4.9/prebuilt/darwin-x86_64/bin/../lib/gcc/arm-linux-androideabi/4.9.x/ -isysroot /Users/ryan/programs/ruis/android/tools/android-ndk-r16b/platforms/android-16/arch-arm -D_GNU_SOURCE /usr/local/Cellar/cmake/3.18.2/share/cmake/Modules/CMakeCXXCompilerABI.cpp -mbionic -fpic -quiet -dumpbase CMakeCXXCompilerABI.cpp -march=armv5te -mfloat-abi=soft -mfpu=vfp -mtls-dialect=gnu -auxbase-strip CMakeFiles/cmTC_1dc01.dir/CMakeCXXCompilerABI.cpp.o -version -fexceptions -frtti -o /var/folders/qg/wclv6z9x5x3_wkyljmqynd5c0000gn/T//cce9ecTy.s]
  ignore line: [GNU C++ (GCC) version 4.9.x 20150123 (prerelease) (arm-linux-androideabi)]
  ignore line: [	compiled by GNU C version 4.2.1 (Apple Inc. build 5666) (dot 3)  GMP version 5.0.5  MPFR version 3.1.1  MPC version 1.0.1]
  ignore line: [GGC heuristics: --param ggc-min-expand=100 --param ggc-min-heapsize=131072]
  ignore line: [ignoring nonexistent directory "/Users/ryan/programs/ruis/android/tools/android-ndk-r16b/toolchains/arm-linux-androideabi-4.9/prebuilt/darwin-x86_64/bin/../lib/gcc/arm-linux-androideabi/4.9.x/../../../../arm-linux-androideabi/include"]
  ignore line: [ignoring nonexistent directory "/Users/ryan/programs/ruis/android/tools/android-ndk-r16b/toolchains/arm-linux-androideabi-4.9/prebuilt/darwin-x86_64/bin/../lib/gcc/../../include/c++/4.9.x"]
  ignore line: [ignoring nonexistent directory "/Users/ryan/programs/ruis/android/tools/android-ndk-r16b/toolchains/arm-linux-androideabi-4.9/prebuilt/darwin-x86_64/bin/../lib/gcc/../../include/c++/4.9.x/arm-linux-androideabi"]
  ignore line: [ignoring nonexistent directory "/Users/ryan/programs/ruis/android/tools/android-ndk-r16b/toolchains/arm-linux-androideabi-4.9/prebuilt/darwin-x86_64/bin/../lib/gcc/../../include/c++/4.9.x/backward"]
  ignore line: [ignoring duplicate directory "/Users/ryan/programs/ruis/android/tools/android-ndk-r16b/toolchains/arm-linux-androideabi-4.9/prebuilt/darwin-x86_64/bin/../lib/gcc/../../lib/gcc/arm-linux-androideabi/4.9.x/include"]
  ignore line: [ignoring nonexistent directory "/Users/ryan/programs/ruis/android/tools/android-ndk-r16b/platforms/android-16/arch-arm/usr/local/include"]
  ignore line: [ignoring duplicate directory "/Users/ryan/programs/ruis/android/tools/android-ndk-r16b/toolchains/arm-linux-androideabi-4.9/prebuilt/darwin-x86_64/bin/../lib/gcc/../../lib/gcc/arm-linux-androideabi/4.9.x/include-fixed"]
  ignore line: [ignoring nonexistent directory "/Users/ryan/programs/ruis/android/tools/android-ndk-r16b/toolchains/arm-linux-androideabi-4.9/prebuilt/darwin-x86_64/bin/../lib/gcc/../../lib/gcc/arm-linux-androideabi/4.9.x/../../../../arm-linux-androideabi/include"]
  ignore line: [ignoring nonexistent directory "/Users/ryan/programs/ruis/android/tools/android-ndk-r16b/platforms/android-16/arch-arm/usr/include"]
  ignore line: [#include "..." search starts here:]
  ignore line: [#include <...> search starts here:]
  ignore line: [ /Users/ryan/programs/ruis/android/tools/android-ndk-r16b/toolchains/arm-linux-androideabi-4.9/prebuilt/darwin-x86_64/bin/../lib/gcc/arm-linux-androideabi/4.9.x/include]
  ignore line: [ /Users/ryan/programs/ruis/android/tools/android-ndk-r16b/toolchains/arm-linux-androideabi-4.9/prebuilt/darwin-x86_64/bin/../lib/gcc/arm-linux-androideabi/4.9.x/include-fixed]
  ignore line: [End of search list.]
  ignore line: [GNU C++ (GCC) version 4.9.x 20150123 (prerelease) (arm-linux-androideabi)]
  ignore line: [	compiled by GNU C version 4.2.1 (Apple Inc. build 5666) (dot 3)  GMP version 5.0.5  MPFR version 3.1.1  MPC version 1.0.1]
  ignore line: [GGC heuristics: --param ggc-min-expand=100 --param ggc-min-heapsize=131072]
  ignore line: [Compiler executable checksum: 26b9462795912805fdcf9ba938dd8818]
  ignore line: [COLLECT_GCC_OPTIONS='-v' '-o' 'CMakeFiles/cmTC_1dc01.dir/CMakeCXXCompilerABI.cpp.o' '-c' '-march=armv5te' '-mfloat-abi=soft' '-mfpu=vfp' '-mtls-dialect=gnu']
  ignore line: [ /Users/ryan/programs/ruis/android/tools/android-ndk-r16b/toolchains/arm-linux-androideabi-4.9/prebuilt/darwin-x86_64/bin/../lib/gcc/arm-linux-androideabi/4.9.x/../../../../arm-linux-androideabi/bin/as -v -march=armv5te -mfloat-abi=soft -mfpu=vfp -meabi=5 --noexecstack -o CMakeFiles/cmTC_1dc01.dir/CMakeCXXCompilerABI.cpp.o /var/folders/qg/wclv6z9x5x3_wkyljmqynd5c0000gn/T//cce9ecTy.s]
  ignore line: [GNU assembler version 2.27.0 (arm-linux-androideabi) using BFD version (binutils-2.27-53dd00a) 2.27.0.20170315]
  ignore line: [COMPILER_PATH=/Users/ryan/programs/ruis/android/tools/android-ndk-r16b/toolchains/arm-linux-androideabi-4.9/prebuilt/darwin-x86_64/bin/../libexec/gcc/arm-linux-androideabi/4.9.x/:/Users/ryan/programs/ruis/android/tools/android-ndk-r16b/toolchains/arm-linux-androideabi-4.9/prebuilt/darwin-x86_64/bin/../libexec/gcc/:/Users/ryan/programs/ruis/android/tools/android-ndk-r16b/toolchains/arm-linux-androideabi-4.9/prebuilt/darwin-x86_64/bin/../lib/gcc/arm-linux-androideabi/4.9.x/../../../../arm-linux-androideabi/bin/]
  ignore line: [LIBRARY_PATH=/Users/ryan/programs/ruis/android/tools/android-ndk-r16b/toolchains/arm-linux-androideabi-4.9/prebuilt/darwin-x86_64/bin/../lib/gcc/arm-linux-androideabi/4.9.x/:/Users/ryan/programs/ruis/android/tools/android-ndk-r16b/toolchains/arm-linux-androideabi-4.9/prebuilt/darwin-x86_64/bin/../lib/gcc/:/Users/ryan/programs/ruis/android/tools/android-ndk-r16b/toolchains/arm-linux-androideabi-4.9/prebuilt/darwin-x86_64/bin/../lib/gcc/arm-linux-androideabi/4.9.x/../../../../arm-linux-androideabi/lib/:/Users/ryan/programs/ruis/android/tools/android-ndk-r16b/platforms/android-16/arch-arm/usr/lib/]
  ignore line: [COLLECT_GCC_OPTIONS='-v' '-o' 'CMakeFiles/cmTC_1dc01.dir/CMakeCXXCompilerABI.cpp.o' '-c' '-march=armv5te' '-mfloat-abi=soft' '-mfpu=vfp' '-mtls-dialect=gnu']
  ignore line: [Linking CXX executable cmTC_1dc01]
  ignore line: [/usr/local/Cellar/cmake/3.18.2/bin/cmake -E cmake_link_script CMakeFiles/cmTC_1dc01.dir/link.txt --verbose=1]
  ignore line: [/Users/ryan/programs/ruis/android/tools/android-ndk-r16b/toolchains/arm-linux-androideabi-4.9/prebuilt/darwin-x86_64/bin/arm-linux-androideabi-g++ --sysroot=/Users/ryan/programs/ruis/android/tools/android-ndk-r16b/platforms/android-16/arch-arm  -v -rdynamic CMakeFiles/cmTC_1dc01.dir/CMakeCXXCompilerABI.cpp.o -o cmTC_1dc01   -L/Users/ryan/programs/ruis/android/tools/android-ndk-r16b/platforms/android-16/arch-arm/usr/lib ]
  ignore line: [Using built-in specs.]
  ignore line: [COLLECT_GCC=/Users/ryan/programs/ruis/android/tools/android-ndk-r16b/toolchains/arm-linux-androideabi-4.9/prebuilt/darwin-x86_64/bin/arm-linux-androideabi-g++]
  ignore line: [COLLECT_LTO_WRAPPER=/Users/ryan/programs/ruis/android/tools/android-ndk-r16b/toolchains/arm-linux-androideabi-4.9/prebuilt/darwin-x86_64/bin/../libexec/gcc/arm-linux-androideabi/4.9.x/lto-wrapper]
  ignore line: [Target: arm-linux-androideabi]
  ignore line: [Configured with: /Volumes/Android/buildbot/src/android/gcc/toolchain/build/../gcc/gcc-4.9/configure --prefix=/tmp/b4566ac8ab7a8039eb0f097bbc2e31fa --target=arm-linux-androideabi --host=x86_64-apple-darwin --build=x86_64-apple-darwin --with-gnu-as --with-gnu-ld --enable-languages=c,c++ --with-gmp=/buildbot/tmp/build/toolchain/temp-install --with-mpfr=/buildbot/tmp/build/toolchain/temp-install --with-mpc=/buildbot/tmp/build/toolchain/temp-install --with-cloog=/buildbot/tmp/build/toolchain/temp-install --with-isl=/buildbot/tmp/build/toolchain/temp-install --with-ppl=/buildbot/tmp/build/toolchain/temp-install --disable-ppl-version-check --disable-cloog-version-check --disable-isl-version-check --enable-cloog-backend=isl --with-host-libstdcxx='-static-libgcc -lstdc++ -lm' --disable-libssp --enable-threads --disable-nls --disable-libmudflap --disable-libgomp --disable-libstdc__-v3 --disable-sjlj-exceptions --disable-shared --disable-tls --disable-libitm --with-float=soft --with-fpu=vfp --with-arch=armv5te --enable-target-optspace --enable-bionic-libs --enable-libatomic-ifuncs=no --enable-initfini-array --disable-nls --prefix=/tmp/b4566ac8ab7a8039eb0f097bbc2e31fa --with-sysroot=/tmp/b4566ac8ab7a8039eb0f097bbc2e31fa/sysroot --with-binutils-version=2.27 --with-mpfr-version=3.1.1 --with-mpc-version=1.0.1 --with-gmp-version=5.0.5 --with-gcc-version=4.9 --with-gdb-version=none --with-gxx-include-dir=/tmp/b4566ac8ab7a8039eb0f097bbc2e31fa/include/c++/4.9.x --with-bugurl=http://source.android.com/source/report-bugs.html --enable-languages=c,c++ --disable-bootstrap --enable-plugins --enable-libgomp --enable-gnu-indirect-function --disable-libsanitizer --enable-gold --enable-threads --enable-eh-frame-hdr-for-static --enable-graphite=yes --with-isl-version=0.11.1 --with-cloog-version=0.18.0 --with-arch=armv5te --program-transform-name='s&^&arm-linux-androideabi-&' --enable-gold=default]
  ignore line: [Thread model: posix]
  ignore line: [gcc version 4.9.x 20150123 (prerelease) (GCC) ]
  ignore line: [COMPILER_PATH=/Users/ryan/programs/ruis/android/tools/android-ndk-r16b/toolchains/arm-linux-androideabi-4.9/prebuilt/darwin-x86_64/bin/../libexec/gcc/arm-linux-androideabi/4.9.x/:/Users/ryan/programs/ruis/android/tools/android-ndk-r16b/toolchains/arm-linux-androideabi-4.9/prebuilt/darwin-x86_64/bin/../libexec/gcc/:/Users/ryan/programs/ruis/android/tools/android-ndk-r16b/toolchains/arm-linux-androideabi-4.9/prebuilt/darwin-x86_64/bin/../lib/gcc/arm-linux-androideabi/4.9.x/../../../../arm-linux-androideabi/bin/]
  ignore line: [LIBRARY_PATH=/Users/ryan/programs/ruis/android/tools/android-ndk-r16b/toolchains/arm-linux-androideabi-4.9/prebuilt/darwin-x86_64/bin/../lib/gcc/arm-linux-androideabi/4.9.x/:/Users/ryan/programs/ruis/android/tools/android-ndk-r16b/toolchains/arm-linux-androideabi-4.9/prebuilt/darwin-x86_64/bin/../lib/gcc/:/Users/ryan/programs/ruis/android/tools/android-ndk-r16b/toolchains/arm-linux-androideabi-4.9/prebuilt/darwin-x86_64/bin/../lib/gcc/arm-linux-androideabi/4.9.x/../../../../arm-linux-androideabi/lib/:/Users/ryan/programs/ruis/android/tools/android-ndk-r16b/platforms/android-16/arch-arm/usr/lib/]
  ignore line: [COLLECT_GCC_OPTIONS='-v' '-rdynamic' '-o' 'cmTC_1dc01' '-L/Users/ryan/programs/ruis/android/tools/android-ndk-r16b/platforms/android-16/arch-arm/usr/lib' '-march=armv5te' '-mfloat-abi=soft' '-mfpu=vfp' '-mtls-dialect=gnu']
  link line: [ /Users/ryan/programs/ruis/android/tools/android-ndk-r16b/toolchains/arm-linux-androideabi-4.9/prebuilt/darwin-x86_64/bin/../libexec/gcc/arm-linux-androideabi/4.9.x/collect2 -plugin /Users/ryan/programs/ruis/android/tools/android-ndk-r16b/toolchains/arm-linux-androideabi-4.9/prebuilt/darwin-x86_64/bin/../libexec/gcc/arm-linux-androideabi/4.9.x/liblto_plugin.so -plugin-opt=/Users/ryan/programs/ruis/android/tools/android-ndk-r16b/toolchains/arm-linux-androideabi-4.9/prebuilt/darwin-x86_64/bin/../libexec/gcc/arm-linux-androideabi/4.9.x/lto-wrapper -plugin-opt=-fresolution=/var/folders/qg/wclv6z9x5x3_wkyljmqynd5c0000gn/T//ccghxF1q.res -plugin-opt=-pass-through=-lgcc -plugin-opt=-pass-through=-lc -plugin-opt=-pass-through=-ldl -plugin-opt=-pass-through=-lgcc --sysroot=/Users/ryan/programs/ruis/android/tools/android-ndk-r16b/platforms/android-16/arch-arm --eh-frame-hdr -export-dynamic -dynamic-linker /system/bin/linker -X -m armelf_linux_eabi -z noexecstack -z relro -z now -o cmTC_1dc01 /Users/ryan/programs/ruis/android/tools/android-ndk-r16b/platforms/android-16/arch-arm/usr/lib/crtbegin_dynamic.o -L/Users/ryan/programs/ruis/android/tools/android-ndk-r16b/platforms/android-16/arch-arm/usr/lib -L/Users/ryan/programs/ruis/android/tools/android-ndk-r16b/toolchains/arm-linux-androideabi-4.9/prebuilt/darwin-x86_64/bin/../lib/gcc/arm-linux-androideabi/4.9.x -L/Users/ryan/programs/ruis/android/tools/android-ndk-r16b/toolchains/arm-linux-androideabi-4.9/prebuilt/darwin-x86_64/bin/../lib/gcc -L/Users/ryan/programs/ruis/android/tools/android-ndk-r16b/toolchains/arm-linux-androideabi-4.9/prebuilt/darwin-x86_64/bin/../lib/gcc/arm-linux-androideabi/4.9.x/../../../../arm-linux-androideabi/lib -L/Users/ryan/programs/ruis/android/tools/android-ndk-r16b/platforms/android-16/arch-arm/usr/lib CMakeFiles/cmTC_1dc01.dir/CMakeCXXCompilerABI.cpp.o -lstdc++ -lm -lgcc -lc -ldl -lgcc /Users/ryan/programs/ruis/android/tools/android-ndk-r16b/platforms/android-16/arch-arm/usr/lib/crtend_android.o]
    arg [/Users/ryan/programs/ruis/android/tools/android-ndk-r16b/toolchains/arm-linux-androideabi-4.9/prebuilt/darwin-x86_64/bin/../libexec/gcc/arm-linux-androideabi/4.9.x/collect2] ==> ignore
    arg [-plugin] ==> ignore
    arg [/Users/ryan/programs/ruis/android/tools/android-ndk-r16b/toolchains/arm-linux-androideabi-4.9/prebuilt/darwin-x86_64/bin/../libexec/gcc/arm-linux-androideabi/4.9.x/liblto_plugin.so] ==> ignore
    arg [-plugin-opt=/Users/ryan/programs/ruis/android/tools/android-ndk-r16b/toolchains/arm-linux-androideabi-4.9/prebuilt/darwin-x86_64/bin/../libexec/gcc/arm-linux-androideabi/4.9.x/lto-wrapper] ==> ignore
    arg [-plugin-opt=-fresolution=/var/folders/qg/wclv6z9x5x3_wkyljmqynd5c0000gn/T//ccghxF1q.res] ==> ignore
    arg [-plugin-opt=-pass-through=-lgcc] ==> ignore
    arg [-plugin-opt=-pass-through=-lc] ==> ignore
    arg [-plugin-opt=-pass-through=-ldl] ==> ignore
    arg [-plugin-opt=-pass-through=-lgcc] ==> ignore
    arg [--sysroot=/Users/ryan/programs/ruis/android/tools/android-ndk-r16b/platforms/android-16/arch-arm] ==> ignore
    arg [--eh-frame-hdr] ==> ignore
    arg [-export-dynamic] ==> ignore
    arg [-dynamic-linker] ==> ignore
    arg [/system/bin/linker] ==> ignore
    arg [-X] ==> ignore
    arg [-m] ==> ignore
    arg [armelf_linux_eabi] ==> ignore
    arg [-znoexecstack] ==> ignore
    arg [-zrelro] ==> ignore
    arg [-znow] ==> ignore
    arg [-o] ==> ignore
    arg [cmTC_1dc01] ==> ignore
    arg [/Users/ryan/programs/ruis/android/tools/android-ndk-r16b/platforms/android-16/arch-arm/usr/lib/crtbegin_dynamic.o] ==> ignore
    arg [-L/Users/ryan/programs/ruis/android/tools/android-ndk-r16b/platforms/android-16/arch-arm/usr/lib] ==> dir [/Users/ryan/programs/ruis/android/tools/android-ndk-r16b/platforms/android-16/arch-arm/usr/lib]
    arg [-L/Users/ryan/programs/ruis/android/tools/android-ndk-r16b/toolchains/arm-linux-androideabi-4.9/prebuilt/darwin-x86_64/bin/../lib/gcc/arm-linux-androideabi/4.9.x] ==> dir [/Users/ryan/programs/ruis/android/tools/android-ndk-r16b/toolchains/arm-linux-androideabi-4.9/prebuilt/darwin-x86_64/bin/../lib/gcc/arm-linux-androideabi/4.9.x]
    arg [-L/Users/ryan/programs/ruis/android/tools/android-ndk-r16b/toolchains/arm-linux-androideabi-4.9/prebuilt/darwin-x86_64/bin/../lib/gcc] ==> dir [/Users/ryan/programs/ruis/android/tools/android-ndk-r16b/toolchains/arm-linux-androideabi-4.9/prebuilt/darwin-x86_64/bin/../lib/gcc]
    arg [-L/Users/ryan/programs/ruis/android/tools/android-ndk-r16b/toolchains/arm-linux-androideabi-4.9/prebuilt/darwin-x86_64/bin/../lib/gcc/arm-linux-androideabi/4.9.x/../../../../arm-linux-androideabi/lib] ==> dir [/Users/ryan/programs/ruis/android/tools/android-ndk-r16b/toolchains/arm-linux-androideabi-4.9/prebuilt/darwin-x86_64/bin/../lib/gcc/arm-linux-androideabi/4.9.x/../../../../arm-linux-androideabi/lib]
    arg [-L/Users/ryan/programs/ruis/android/tools/android-ndk-r16b/platforms/android-16/arch-arm/usr/lib] ==> dir [/Users/ryan/programs/ruis/android/tools/android-ndk-r16b/platforms/android-16/arch-arm/usr/lib]
    arg [CMakeFiles/cmTC_1dc01.dir/CMakeCXXCompilerABI.cpp.o] ==> ignore
    arg [-lstdc++] ==> lib [stdc++]
    arg [-lm] ==> lib [m]
    arg [-lgcc] ==> lib [gcc]
    arg [-lc] ==> lib [c]
    arg [-ldl] ==> lib [dl]
    arg [-lgcc] ==> lib [gcc]
    arg [/Users/ryan/programs/ruis/android/tools/android-ndk-r16b/platforms/android-16/arch-arm/usr/lib/crtend_android.o] ==> ignore
  collapse library dir [/Users/ryan/programs/ruis/android/tools/android-ndk-r16b/platforms/android-16/arch-arm/usr/lib] ==> [/Users/ryan/programs/ruis/android/tools/android-ndk-r16b/platforms/android-16/arch-arm/usr/lib]
  collapse library dir [/Users/ryan/programs/ruis/android/tools/android-ndk-r16b/toolchains/arm-linux-androideabi-4.9/prebuilt/darwin-x86_64/bin/../lib/gcc/arm-linux-androideabi/4.9.x] ==> [/Users/ryan/programs/ruis/android/tools/android-ndk-r16b/toolchains/arm-linux-androideabi-4.9/prebuilt/darwin-x86_64/lib/gcc/arm-linux-androideabi/4.9.x]
  collapse library dir [/Users/ryan/programs/ruis/android/tools/android-ndk-r16b/toolchains/arm-linux-androideabi-4.9/prebuilt/darwin-x86_64/bin/../lib/gcc] ==> [/Users/ryan/programs/ruis/android/tools/android-ndk-r16b/toolchains/arm-linux-androideabi-4.9/prebuilt/darwin-x86_64/lib/gcc]
  collapse library dir [/Users/ryan/programs/ruis/android/tools/android-ndk-r16b/toolchains/arm-linux-androideabi-4.9/prebuilt/darwin-x86_64/bin/../lib/gcc/arm-linux-androideabi/4.9.x/../../../../arm-linux-androideabi/lib] ==> [/Users/ryan/programs/ruis/android/tools/android-ndk-r16b/toolchains/arm-linux-androideabi-4.9/prebuilt/darwin-x86_64/arm-linux-androideabi/lib]
  collapse library dir [/Users/ryan/programs/ruis/android/tools/android-ndk-r16b/platforms/android-16/arch-arm/usr/lib] ==> [/Users/ryan/programs/ruis/android/tools/android-ndk-r16b/platforms/android-16/arch-arm/usr/lib]
  implicit libs: [stdc++;m;gcc;c;dl;gcc]
  implicit dirs: [/Users/ryan/programs/ruis/android/tools/android-ndk-r16b/platforms/android-16/arch-arm/usr/lib;/Users/ryan/programs/ruis/android/tools/android-ndk-r16b/toolchains/arm-linux-androideabi-4.9/prebuilt/darwin-x86_64/lib/gcc/arm-linux-androideabi/4.9.x;/Users/ryan/programs/ruis/android/tools/android-ndk-r16b/toolchains/arm-linux-androideabi-4.9/prebuilt/darwin-x86_64/lib/gcc;/Users/ryan/programs/ruis/android/tools/android-ndk-r16b/toolchains/arm-linux-androideabi-4.9/prebuilt/darwin-x86_64/arm-linux-androideabi/lib]
  implicit fwks: []




Detecting CXX [-std=c++14] compiler features compiled with the following output:
Change Dir: /Users/ryan/programs/ruis/android/ffmpeg/FFmpeg/libx265/build/arm-linux/CMakeFiles/CMakeTmp

Run Build Command(s):/usr/bin/make cmTC_8935b/fast && /Library/Developer/CommandLineTools/usr/bin/make  -f CMakeFiles/cmTC_8935b.dir/build.make CMakeFiles/cmTC_8935b.dir/build
Building CXX object CMakeFiles/cmTC_8935b.dir/feature_tests.cxx.o
/Users/ryan/programs/ruis/android/tools/android-ndk-r16b/toolchains/arm-linux-androideabi-4.9/prebuilt/darwin-x86_64/bin/arm-linux-androideabi-g++ --sysroot=/Users/ryan/programs/ruis/android/tools/android-ndk-r16b/platforms/android-16/arch-arm  -I/Users/ryan/programs/ruis/android/tools/android-ndk-r16b/sysroot/usr/include -I/Users/ryan/programs/ruis/android/tools/android-ndk-r16b/sysroot/usr/include/arm-linux-androideabi -I/Users/ryan/programs/ruis/android/tools/android-ndk-r16b/sources/cxx-stl/gnu-libstdc++/4.9/include -I/Users/ryan/programs/ruis/android/tools/android-ndk-r16b/sources/cxx-stl/gnu-libstdc++/4.9/libs/armeabi-v7a/include -std=c++14 -o CMakeFiles/cmTC_8935b.dir/feature_tests.cxx.o -c /Users/ryan/programs/ruis/android/ffmpeg/FFmpeg/libx265/build/arm-linux/CMakeFiles/feature_tests.cxx
Linking CXX executable cmTC_8935b
/usr/local/Cellar/cmake/3.18.2/bin/cmake -E cmake_link_script CMakeFiles/cmTC_8935b.dir/link.txt --verbose=1
/Users/ryan/programs/ruis/android/tools/android-ndk-r16b/toolchains/arm-linux-androideabi-4.9/prebuilt/darwin-x86_64/bin/arm-linux-androideabi-g++ --sysroot=/Users/ryan/programs/ruis/android/tools/android-ndk-r16b/platforms/android-16/arch-arm -rdynamic CMakeFiles/cmTC_8935b.dir/feature_tests.cxx.o -o cmTC_8935b   -L/Users/ryan/programs/ruis/android/tools/android-ndk-r16b/platforms/android-16/arch-arm/usr/lib 



    Feature record: CXX_FEATURE:1cxx_template_template_parameters
    Feature record: CXX_FEATURE:1cxx_alias_templates
    Feature record: CXX_FEATURE:1cxx_alignas
    Feature record: CXX_FEATURE:1cxx_alignof
    Feature record: CXX_FEATURE:1cxx_attributes
    Feature record: CXX_FEATURE:1cxx_auto_type
    Feature record: CXX_FEATURE:1cxx_constexpr
    Feature record: CXX_FEATURE:1cxx_decltype
    Feature record: CXX_FEATURE:1cxx_decltype_incomplete_return_types
    Feature record: CXX_FEATURE:1cxx_default_function_template_args
    Feature record: CXX_FEATURE:1cxx_defaulted_functions
    Feature record: CXX_FEATURE:1cxx_defaulted_move_initializers
    Feature record: CXX_FEATURE:1cxx_delegating_constructors
    Feature record: CXX_FEATURE:1cxx_deleted_functions
    Feature record: CXX_FEATURE:1cxx_enum_forward_declarations
    Feature record: CXX_FEATURE:1cxx_explicit_conversions
    Feature record: CXX_FEATURE:1cxx_extended_friend_declarations
    Feature record: CXX_FEATURE:1cxx_extern_templates
    Feature record: CXX_FEATURE:1cxx_final
    Feature record: CXX_FEATURE:1cxx_func_identifier
    Feature record: CXX_FEATURE:1cxx_generalized_initializers
    Feature record: CXX_FEATURE:1cxx_inheriting_constructors
    Feature record: CXX_FEATURE:1cxx_inline_namespaces
    Feature record: CXX_FEATURE:1cxx_lambdas
    Feature record: CXX_FEATURE:1cxx_local_type_template_args
    Feature record: CXX_FEATURE:1cxx_long_long_type
    Feature record: CXX_FEATURE:1cxx_noexcept
    Feature record: CXX_FEATURE:1cxx_nonstatic_member_init
    Feature record: CXX_FEATURE:1cxx_nullptr
    Feature record: CXX_FEATURE:1cxx_override
    Feature record: CXX_FEATURE:1cxx_range_for
    Feature record: CXX_FEATURE:1cxx_raw_string_literals
    Feature record: CXX_FEATURE:1cxx_reference_qualified_functions
    Feature record: CXX_FEATURE:1cxx_right_angle_brackets
    Feature record: CXX_FEATURE:1cxx_rvalue_references
    Feature record: CXX_FEATURE:1cxx_sizeof_member
    Feature record: CXX_FEATURE:1cxx_static_assert
    Feature record: CXX_FEATURE:1cxx_strong_enums
    Feature record: CXX_FEATURE:1cxx_thread_local
    Feature record: CXX_FEATURE:1cxx_trailing_return_types
    Feature record: CXX_FEATURE:1cxx_unicode_literals
    Feature record: CXX_FEATURE:1cxx_uniform_initialization
    Feature record: CXX_FEATURE:1cxx_unrestricted_unions
    Feature record: CXX_FEATURE:1cxx_user_literals
    Feature record: CXX_FEATURE:1cxx_variadic_macros
    Feature record: CXX_FEATURE:1cxx_variadic_templates
    Feature record: CXX_FEATURE:0cxx_aggregate_default_initializers
    Feature record: CXX_FEATURE:1cxx_attribute_deprecated
    Feature record: CXX_FEATURE:1cxx_binary_literals
    Feature record: CXX_FEATURE:1cxx_contextual_conversions
    Feature record: CXX_FEATURE:1cxx_decltype_auto
    Feature record: CXX_FEATURE:1cxx_digit_separators
    Feature record: CXX_FEATURE:1cxx_generic_lambdas
    Feature record: CXX_FEATURE:1cxx_lambda_init_captures
    Feature record: CXX_FEATURE:0cxx_relaxed_constexpr
    Feature record: CXX_FEATURE:1cxx_return_type_deduction
    Feature record: CXX_FEATURE:0cxx_variable_templates
Determining if files inttypes.h exist passed with the following output:
Change Dir: /Users/ryan/programs/ruis/android/ffmpeg/FFmpeg/libx265/build/arm-linux/CMakeFiles/CMakeTmp

Run Build Command(s):/usr/bin/make cmTC_383a6/fast && /Library/Developer/CommandLineTools/usr/bin/make  -f CMakeFiles/cmTC_383a6.dir/build.make CMakeFiles/cmTC_383a6.dir/build
Building C object CMakeFiles/cmTC_383a6.dir/HAVE_INT_TYPES_H.c.o
/Users/ryan/programs/ruis/android/tools/android-ndk-r16b/toolchains/arm-linux-androideabi-4.9/prebuilt/darwin-x86_64/bin/arm-linux-androideabi-gcc --sysroot=/Users/ryan/programs/ruis/android/tools/android-ndk-r16b/platforms/android-16/arch-arm  -I/Users/ryan/programs/ruis/android/tools/android-ndk-r16b/sysroot/usr/include -I/Users/ryan/programs/ruis/android/tools/android-ndk-r16b/sysroot/usr/include/arm-linux-androideabi -I/Users/ryan/programs/ruis/android/tools/android-ndk-r16b/sources/cxx-stl/gnu-libstdc++/4.9/include -I/Users/ryan/programs/ruis/android/tools/android-ndk-r16b/sources/cxx-stl/gnu-libstdc++/4.9/libs/armeabi-v7a/include  -o CMakeFiles/cmTC_383a6.dir/HAVE_INT_TYPES_H.c.o -c /Users/ryan/programs/ruis/android/ffmpeg/FFmpeg/libx265/build/arm-linux/CMakeFiles/CheckIncludeFiles/HAVE_INT_TYPES_H.c
In file included from /Users/ryan/programs/ruis/android/ffmpeg/FFmpeg/libx265/build/arm-linux/CMakeFiles/CheckIncludeFiles/HAVE_INT_TYPES_H.c:2:0:
/Users/ryan/programs/ruis/android/tools/android-ndk-r16b/sysroot/usr/include/inttypes.h:260:1: warning: 'annotate' attribute directive ignored [-Wattributes]
 intmax_t imaxabs(intmax_t __i) __attribute_const__ __INTRODUCED_IN(19);
 ^
/Users/ryan/programs/ruis/android/tools/android-ndk-r16b/sysroot/usr/include/inttypes.h:261:1: warning: 'annotate' attribute directive ignored [-Wattributes]
 imaxdiv_t imaxdiv(intmax_t __numerator, intmax_t __denominator) __attribute_const__ __INTRODUCED_IN(19);
 ^
/Users/ryan/programs/ruis/android/tools/android-ndk-r16b/sysroot/usr/include/inttypes.h:268:1: warning: 'annotate' attribute directive ignored [-Wattributes]
 intmax_t wcstoimax(const wchar_t* __s, wchar_t** __end_ptr, int __base) __INTRODUCED_IN(21);
 ^
/Users/ryan/programs/ruis/android/tools/android-ndk-r16b/sysroot/usr/include/inttypes.h:269:1: warning: 'annotate' attribute directive ignored [-Wattributes]
 uintmax_t wcstoumax(const wchar_t* __s, wchar_t** __end_ptr, int __base) __INTRODUCED_IN(21);
 ^
Linking C executable cmTC_383a6
/usr/local/Cellar/cmake/3.18.2/bin/cmake -E cmake_link_script CMakeFiles/cmTC_383a6.dir/link.txt --verbose=1
/Users/ryan/programs/ruis/android/tools/android-ndk-r16b/toolchains/arm-linux-androideabi-4.9/prebuilt/darwin-x86_64/bin/arm-linux-androideabi-gcc --sysroot=/Users/ryan/programs/ruis/android/tools/android-ndk-r16b/platforms/android-16/arch-arm -rdynamic CMakeFiles/cmTC_383a6.dir/HAVE_INT_TYPES_H.c.o -o cmTC_383a6 



Performing C++ SOURCE FILE Test CC_HAS_NO_STRICT_OVERFLOW succeeded with the following output:
Change Dir: /Users/ryan/programs/ruis/android/ffmpeg/FFmpeg/libx265/build/arm-linux/CMakeFiles/CMakeTmp

Run Build Command(s):/usr/bin/make cmTC_3c775/fast && /Library/Developer/CommandLineTools/usr/bin/make  -f CMakeFiles/cmTC_3c775.dir/build.make CMakeFiles/cmTC_3c775.dir/build
Building CXX object CMakeFiles/cmTC_3c775.dir/src.cxx.o
/Users/ryan/programs/ruis/android/tools/android-ndk-r16b/toolchains/arm-linux-androideabi-4.9/prebuilt/darwin-x86_64/bin/arm-linux-androideabi-g++ --sysroot=/Users/ryan/programs/ruis/android/tools/android-ndk-r16b/platforms/android-16/arch-arm  -I/Users/ryan/programs/ruis/android/tools/android-ndk-r16b/sysroot/usr/include -I/Users/ryan/programs/ruis/android/tools/android-ndk-r16b/sysroot/usr/include/arm-linux-androideabi -I/Users/ryan/programs/ruis/android/tools/android-ndk-r16b/sources/cxx-stl/gnu-libstdc++/4.9/include -I/Users/ryan/programs/ruis/android/tools/android-ndk-r16b/sources/cxx-stl/gnu-libstdc++/4.9/libs/armeabi-v7a/include -DCC_HAS_NO_STRICT_OVERFLOW   -Wno-strict-overflow -o CMakeFiles/cmTC_3c775.dir/src.cxx.o -c /Users/ryan/programs/ruis/android/ffmpeg/FFmpeg/libx265/build/arm-linux/CMakeFiles/CMakeTmp/src.cxx
Linking CXX executable cmTC_3c775
/usr/local/Cellar/cmake/3.18.2/bin/cmake -E cmake_link_script CMakeFiles/cmTC_3c775.dir/link.txt --verbose=1
/Users/ryan/programs/ruis/android/tools/android-ndk-r16b/toolchains/arm-linux-androideabi-4.9/prebuilt/darwin-x86_64/bin/arm-linux-androideabi-g++ --sysroot=/Users/ryan/programs/ruis/android/tools/android-ndk-r16b/platforms/android-16/arch-arm  -DCC_HAS_NO_STRICT_OVERFLOW -rdynamic CMakeFiles/cmTC_3c775.dir/src.cxx.o -o cmTC_3c775 


Source file was:
int main() { return 0; }
Performing C++ SOURCE FILE Test CC_HAS_NO_NARROWING succeeded with the following output:
Change Dir: /Users/ryan/programs/ruis/android/ffmpeg/FFmpeg/libx265/build/arm-linux/CMakeFiles/CMakeTmp

Run Build Command(s):/usr/bin/make cmTC_05730/fast && /Library/Developer/CommandLineTools/usr/bin/make  -f CMakeFiles/cmTC_05730.dir/build.make CMakeFiles/cmTC_05730.dir/build
Building CXX object CMakeFiles/cmTC_05730.dir/src.cxx.o
/Users/ryan/programs/ruis/android/tools/android-ndk-r16b/toolchains/arm-linux-androideabi-4.9/prebuilt/darwin-x86_64/bin/arm-linux-androideabi-g++ --sysroot=/Users/ryan/programs/ruis/android/tools/android-ndk-r16b/platforms/android-16/arch-arm  -I/Users/ryan/programs/ruis/android/tools/android-ndk-r16b/sysroot/usr/include -I/Users/ryan/programs/ruis/android/tools/android-ndk-r16b/sysroot/usr/include/arm-linux-androideabi -I/Users/ryan/programs/ruis/android/tools/android-ndk-r16b/sources/cxx-stl/gnu-libstdc++/4.9/include -I/Users/ryan/programs/ruis/android/tools/android-ndk-r16b/sources/cxx-stl/gnu-libstdc++/4.9/libs/armeabi-v7a/include -DCC_HAS_NO_NARROWING   -Wno-narrowing -o CMakeFiles/cmTC_05730.dir/src.cxx.o -c /Users/ryan/programs/ruis/android/ffmpeg/FFmpeg/libx265/build/arm-linux/CMakeFiles/CMakeTmp/src.cxx
Linking CXX executable cmTC_05730
/usr/local/Cellar/cmake/3.18.2/bin/cmake -E cmake_link_script CMakeFiles/cmTC_05730.dir/link.txt --verbose=1
/Users/ryan/programs/ruis/android/tools/android-ndk-r16b/toolchains/arm-linux-androideabi-4.9/prebuilt/darwin-x86_64/bin/arm-linux-androideabi-g++ --sysroot=/Users/ryan/programs/ruis/android/tools/android-ndk-r16b/platforms/android-16/arch-arm  -DCC_HAS_NO_NARROWING -rdynamic CMakeFiles/cmTC_05730.dir/src.cxx.o -o cmTC_05730 


Source file was:
int main() { return 0; }
Performing C++ SOURCE FILE Test CC_HAS_NO_ARRAY_BOUNDS succeeded with the following output:
Change Dir: /Users/ryan/programs/ruis/android/ffmpeg/FFmpeg/libx265/build/arm-linux/CMakeFiles/CMakeTmp

Run Build Command(s):/usr/bin/make cmTC_80078/fast && /Library/Developer/CommandLineTools/usr/bin/make  -f CMakeFiles/cmTC_80078.dir/build.make CMakeFiles/cmTC_80078.dir/build
Building CXX object CMakeFiles/cmTC_80078.dir/src.cxx.o
/Users/ryan/programs/ruis/android/tools/android-ndk-r16b/toolchains/arm-linux-androideabi-4.9/prebuilt/darwin-x86_64/bin/arm-linux-androideabi-g++ --sysroot=/Users/ryan/programs/ruis/android/tools/android-ndk-r16b/platforms/android-16/arch-arm  -I/Users/ryan/programs/ruis/android/tools/android-ndk-r16b/sysroot/usr/include -I/Users/ryan/programs/ruis/android/tools/android-ndk-r16b/sysroot/usr/include/arm-linux-androideabi -I/Users/ryan/programs/ruis/android/tools/android-ndk-r16b/sources/cxx-stl/gnu-libstdc++/4.9/include -I/Users/ryan/programs/ruis/android/tools/android-ndk-r16b/sources/cxx-stl/gnu-libstdc++/4.9/libs/armeabi-v7a/include -DCC_HAS_NO_ARRAY_BOUNDS   -Wno-array-bounds -o CMakeFiles/cmTC_80078.dir/src.cxx.o -c /Users/ryan/programs/ruis/android/ffmpeg/FFmpeg/libx265/build/arm-linux/CMakeFiles/CMakeTmp/src.cxx
Linking CXX executable cmTC_80078
/usr/local/Cellar/cmake/3.18.2/bin/cmake -E cmake_link_script CMakeFiles/cmTC_80078.dir/link.txt --verbose=1
/Users/ryan/programs/ruis/android/tools/android-ndk-r16b/toolchains/arm-linux-androideabi-4.9/prebuilt/darwin-x86_64/bin/arm-linux-androideabi-g++ --sysroot=/Users/ryan/programs/ruis/android/tools/android-ndk-r16b/platforms/android-16/arch-arm  -DCC_HAS_NO_ARRAY_BOUNDS -rdynamic CMakeFiles/cmTC_80078.dir/src.cxx.o -o cmTC_80078 


Source file was:
int main() { return 0; }
Performing C++ SOURCE FILE Test CC_HAS_FAST_MATH succeeded with the following output:
Change Dir: /Users/ryan/programs/ruis/android/ffmpeg/FFmpeg/libx265/build/arm-linux/CMakeFiles/CMakeTmp

Run Build Command(s):/usr/bin/make cmTC_6560f/fast && /Library/Developer/CommandLineTools/usr/bin/make  -f CMakeFiles/cmTC_6560f.dir/build.make CMakeFiles/cmTC_6560f.dir/build
Building CXX object CMakeFiles/cmTC_6560f.dir/src.cxx.o
/Users/ryan/programs/ruis/android/tools/android-ndk-r16b/toolchains/arm-linux-androideabi-4.9/prebuilt/darwin-x86_64/bin/arm-linux-androideabi-g++ --sysroot=/Users/ryan/programs/ruis/android/tools/android-ndk-r16b/platforms/android-16/arch-arm  -I/Users/ryan/programs/ruis/android/tools/android-ndk-r16b/sysroot/usr/include -I/Users/ryan/programs/ruis/android/tools/android-ndk-r16b/sysroot/usr/include/arm-linux-androideabi -I/Users/ryan/programs/ruis/android/tools/android-ndk-r16b/sources/cxx-stl/gnu-libstdc++/4.9/include -I/Users/ryan/programs/ruis/android/tools/android-ndk-r16b/sources/cxx-stl/gnu-libstdc++/4.9/libs/armeabi-v7a/include -DCC_HAS_FAST_MATH   -ffast-math -o CMakeFiles/cmTC_6560f.dir/src.cxx.o -c /Users/ryan/programs/ruis/android/ffmpeg/FFmpeg/libx265/build/arm-linux/CMakeFiles/CMakeTmp/src.cxx
Linking CXX executable cmTC_6560f
/usr/local/Cellar/cmake/3.18.2/bin/cmake -E cmake_link_script CMakeFiles/cmTC_6560f.dir/link.txt --verbose=1
/Users/ryan/programs/ruis/android/tools/android-ndk-r16b/toolchains/arm-linux-androideabi-4.9/prebuilt/darwin-x86_64/bin/arm-linux-androideabi-g++ --sysroot=/Users/ryan/programs/ruis/android/tools/android-ndk-r16b/platforms/android-16/arch-arm  -DCC_HAS_FAST_MATH -rdynamic CMakeFiles/cmTC_6560f.dir/src.cxx.o -o cmTC_6560f 


Source file was:
int main() { return 0; }
Performing C++ SOURCE FILE Test CC_HAS_FNO_EXCEPTIONS_FLAG succeeded with the following output:
Change Dir: /Users/ryan/programs/ruis/android/ffmpeg/FFmpeg/libx265/build/arm-linux/CMakeFiles/CMakeTmp

Run Build Command(s):/usr/bin/make cmTC_8e05e/fast && /Library/Developer/CommandLineTools/usr/bin/make  -f CMakeFiles/cmTC_8e05e.dir/build.make CMakeFiles/cmTC_8e05e.dir/build
Building CXX object CMakeFiles/cmTC_8e05e.dir/src.cxx.o
/Users/ryan/programs/ruis/android/tools/android-ndk-r16b/toolchains/arm-linux-androideabi-4.9/prebuilt/darwin-x86_64/bin/arm-linux-androideabi-g++ --sysroot=/Users/ryan/programs/ruis/android/tools/android-ndk-r16b/platforms/android-16/arch-arm  -I/Users/ryan/programs/ruis/android/tools/android-ndk-r16b/sysroot/usr/include -I/Users/ryan/programs/ruis/android/tools/android-ndk-r16b/sysroot/usr/include/arm-linux-androideabi -I/Users/ryan/programs/ruis/android/tools/android-ndk-r16b/sources/cxx-stl/gnu-libstdc++/4.9/include -I/Users/ryan/programs/ruis/android/tools/android-ndk-r16b/sources/cxx-stl/gnu-libstdc++/4.9/libs/armeabi-v7a/include -DCC_HAS_FNO_EXCEPTIONS_FLAG   -fno-exceptions -o CMakeFiles/cmTC_8e05e.dir/src.cxx.o -c /Users/ryan/programs/ruis/android/ffmpeg/FFmpeg/libx265/build/arm-linux/CMakeFiles/CMakeTmp/src.cxx
Linking CXX executable cmTC_8e05e
/usr/local/Cellar/cmake/3.18.2/bin/cmake -E cmake_link_script CMakeFiles/cmTC_8e05e.dir/link.txt --verbose=1
/Users/ryan/programs/ruis/android/tools/android-ndk-r16b/toolchains/arm-linux-androideabi-4.9/prebuilt/darwin-x86_64/bin/arm-linux-androideabi-g++ --sysroot=/Users/ryan/programs/ruis/android/tools/android-ndk-r16b/platforms/android-16/arch-arm  -DCC_HAS_FNO_EXCEPTIONS_FLAG -rdynamic CMakeFiles/cmTC_8e05e.dir/src.cxx.o -o cmTC_8e05e 


Source file was:
int main() { return 0; }
Determining if the strtok_r exist passed with the following output:
Change Dir: /Users/ryan/programs/ruis/android/ffmpeg/FFmpeg/libx265/build/arm-linux/CMakeFiles/CMakeTmp

Run Build Command(s):/usr/bin/make cmTC_7aad2/fast && /Library/Developer/CommandLineTools/usr/bin/make  -f CMakeFiles/cmTC_7aad2.dir/build.make CMakeFiles/cmTC_7aad2.dir/build
Building C object CMakeFiles/cmTC_7aad2.dir/CheckSymbolExists.c.o
/Users/ryan/programs/ruis/android/tools/android-ndk-r16b/toolchains/arm-linux-androideabi-4.9/prebuilt/darwin-x86_64/bin/arm-linux-androideabi-gcc --sysroot=/Users/ryan/programs/ruis/android/tools/android-ndk-r16b/platforms/android-16/arch-arm  -I/Users/ryan/programs/ruis/android/tools/android-ndk-r16b/sysroot/usr/include -I/Users/ryan/programs/ruis/android/tools/android-ndk-r16b/sysroot/usr/include/arm-linux-androideabi -I/Users/ryan/programs/ruis/android/tools/android-ndk-r16b/sources/cxx-stl/gnu-libstdc++/4.9/include -I/Users/ryan/programs/ruis/android/tools/android-ndk-r16b/sources/cxx-stl/gnu-libstdc++/4.9/libs/armeabi-v7a/include  -o CMakeFiles/cmTC_7aad2.dir/CheckSymbolExists.c.o -c /Users/ryan/programs/ruis/android/ffmpeg/FFmpeg/libx265/build/arm-linux/CMakeFiles/CMakeTmp/CheckSymbolExists.c
In file included from /Users/ryan/programs/ruis/android/tools/android-ndk-r16b/sysroot/usr/include/string.h:36:0,
                 from /Users/ryan/programs/ruis/android/ffmpeg/FFmpeg/libx265/build/arm-linux/CMakeFiles/CMakeTmp/CheckSymbolExists.c:2:
/Users/ryan/programs/ruis/android/tools/android-ndk-r16b/sysroot/usr/include/bits/strcasecmp.h:41:1: warning: 'annotate' attribute directive ignored [-Wattributes]
 int strcasecmp_l(const char* __s1, const char* __s2, locale_t __l) __attribute_pure__ __INTRODUCED_IN(23);
 ^
/Users/ryan/programs/ruis/android/tools/android-ndk-r16b/sysroot/usr/include/bits/strcasecmp.h:47:1: warning: 'annotate' attribute directive ignored [-Wattributes]
 int strncasecmp_l(const char* __s1, const char* __s2, size_t __n, locale_t __l) __attribute_pure__ __INTRODUCED_IN(23);
 ^
In file included from /Users/ryan/programs/ruis/android/ffmpeg/FFmpeg/libx265/build/arm-linux/CMakeFiles/CMakeTmp/CheckSymbolExists.c:2:0:
/Users/ryan/programs/ruis/android/tools/android-ndk-r16b/sysroot/usr/include/string.h:69:1: warning: 'annotate' attribute directive ignored [-Wattributes]
 char* __strchr_chk(const char* __s, int __ch, size_t __n) __INTRODUCED_IN(18);
 ^
/Users/ryan/programs/ruis/android/tools/android-ndk-r16b/sysroot/usr/include/string.h:91:1: warning: 'annotate' attribute directive ignored [-Wattributes]
 char* __strrchr_chk(const char* __s, int __ch, size_t __n) __INTRODUCED_IN(18);
 ^
/Users/ryan/programs/ruis/android/tools/android-ndk-r16b/sysroot/usr/include/string.h:98:1: warning: 'annotate' attribute directive ignored [-Wattributes]
 size_t __strlen_chk(const char* __s, size_t __n) __INTRODUCED_IN(17);
 ^
/Users/ryan/programs/ruis/android/tools/android-ndk-r16b/sysroot/usr/include/string.h:105:1: warning: 'annotate' attribute directive ignored [-Wattributes]
 char* stpcpy(char* __dst, const char* __src) __overloadable __RENAME_CLANG(stpcpy) __INTRODUCED_IN(21);
 ^
/Users/ryan/programs/ruis/android/tools/android-ndk-r16b/sysroot/usr/include/string.h:125:1: warning: 'annotate' attribute directive ignored [-Wattributes]
 char* strerror_l(int __errno_value, locale_t __l) __INTRODUCED_IN(23);
 ^
/Users/ryan/programs/ruis/android/tools/android-ndk-r16b/sysroot/usr/include/string.h:140:1: warning: 'annotate' attribute directive ignored [-Wattributes]
 char* stpncpy(char* __dst, const char* __src, size_t __n) __overloadable __RENAME_CLANG(stpncpy) __INTRODUCED_IN(21);
 ^
/Users/ryan/programs/ruis/android/tools/android-ndk-r16b/sysroot/usr/include/string.h:159:1: warning: 'annotate' attribute directive ignored [-Wattributes]
 int strcoll_l(const char* __lhs, const char* __rhs, locale_t __l) __attribute_pure__ __INTRODUCED_IN(21);
 ^
/Users/ryan/programs/ruis/android/tools/android-ndk-r16b/sysroot/usr/include/string.h:160:1: warning: 'annotate' attribute directive ignored [-Wattributes]
 size_t strxfrm_l(char* __dst, const char* __src, size_t __n, locale_t __l) __INTRODUCED_IN(21);
 ^
Linking C executable cmTC_7aad2
/usr/local/Cellar/cmake/3.18.2/bin/cmake -E cmake_link_script CMakeFiles/cmTC_7aad2.dir/link.txt --verbose=1
/Users/ryan/programs/ruis/android/tools/android-ndk-r16b/toolchains/arm-linux-androideabi-4.9/prebuilt/darwin-x86_64/bin/arm-linux-androideabi-gcc --sysroot=/Users/ryan/programs/ruis/android/tools/android-ndk-r16b/platforms/android-16/arch-arm -rdynamic CMakeFiles/cmTC_7aad2.dir/CheckSymbolExists.c.o -o cmTC_7aad2 


File /Users/ryan/programs/ruis/android/ffmpeg/FFmpeg/libx265/build/arm-linux/CMakeFiles/CMakeTmp/CheckSymbolExists.c:
/* */
#include <string.h>

int main(int argc, char** argv)
{
  (void)argv;
#ifndef strtok_r
  return ((int*)(&strtok_r))[argc];
#else
  (void)argc;
  return 0;
#endif
}
Checking whether the ASM compiler is GNU using "--version" matched "(GNU assembler)|(GCC)|(Free Software Foundation)":
arm-linux-androideabi-gcc (GCC) 4.9.x 20150123 (prerelease)
Copyright (C) 2014 Free Software Foundation, Inc.
This is free software; see the source for copying conditions.  There is NO
warranty; not even for MERCHANTABILITY or FITNESS FOR A PARTICULAR PURPOSE.

Determining if files getopt.h exist passed with the following output:
Change Dir: /Users/ryan/programs/ruis/android/ffmpeg/FFmpeg/libx265/build/arm-linux/CMakeFiles/CMakeTmp

Run Build Command(s):/usr/bin/make cmTC_23762/fast && /Library/Developer/CommandLineTools/usr/bin/make  -f CMakeFiles/cmTC_23762.dir/build.make CMakeFiles/cmTC_23762.dir/build
Building C object CMakeFiles/cmTC_23762.dir/HAVE_GETOPT_H.c.o
/Users/ryan/programs/ruis/android/tools/android-ndk-r16b/toolchains/arm-linux-androideabi-4.9/prebuilt/darwin-x86_64/bin/arm-linux-androideabi-gcc --sysroot=/Users/ryan/programs/ruis/android/tools/android-ndk-r16b/platforms/android-16/arch-arm  -I/Users/ryan/programs/ruis/android/tools/android-ndk-r16b/sysroot/usr/include -I/Users/ryan/programs/ruis/android/tools/android-ndk-r16b/sysroot/usr/include/arm-linux-androideabi -I/Users/ryan/programs/ruis/android/tools/android-ndk-r16b/sources/cxx-stl/gnu-libstdc++/4.9/include -I/Users/ryan/programs/ruis/android/tools/android-ndk-r16b/sources/cxx-stl/gnu-libstdc++/4.9/libs/armeabi-v7a/include  -o CMakeFiles/cmTC_23762.dir/HAVE_GETOPT_H.c.o -c /Users/ryan/programs/ruis/android/ffmpeg/FFmpeg/libx265/build/arm-linux/CMakeFiles/CheckIncludeFiles/HAVE_GETOPT_H.c
Linking C executable cmTC_23762
/usr/local/Cellar/cmake/3.18.2/bin/cmake -E cmake_link_script CMakeFiles/cmTC_23762.dir/link.txt --verbose=1
/Users/ryan/programs/ruis/android/tools/android-ndk-r16b/toolchains/arm-linux-androideabi-4.9/prebuilt/darwin-x86_64/bin/arm-linux-androideabi-gcc --sysroot=/Users/ryan/programs/ruis/android/tools/android-ndk-r16b/platforms/android-16/arch-arm -rdynamic CMakeFiles/cmTC_23762.dir/HAVE_GETOPT_H.c.o -o cmTC_23762 



