Compiling the C compiler identification source file "CMakeCCompilerId.c" failed.
Compiler: /Users/ryan/programs/ruis/android/tools/android-ndk-r16b/toolchains/arm-linux-androideabi-4.9/prebuilt/darwin-x86_64/bin/arm-linux-androideabi-gcc -march=armv7-a;-mfloat-abi=softfp
Build flags: 
Id flags:  

The output was:
1
/Users/ryan/programs/ruis/android/tools/android-ndk-r16b/toolchains/arm-linux-androideabi-4.9/prebuilt/darwin-x86_64/bin/../lib/gcc/arm-linux-androideabi/4.9.x/../../../../arm-linux-androideabi/bin/ld: error: cannot open crtbegin_dynamic.o: No such file or directory
/Users/ryan/programs/ruis/android/tools/android-ndk-r16b/toolchains/arm-linux-androideabi-4.9/prebuilt/darwin-x86_64/bin/../lib/gcc/arm-linux-androideabi/4.9.x/../../../../arm-linux-androideabi/bin/ld: error: cannot open crtend_android.o: No such file or directory
/Users/ryan/programs/ruis/android/tools/android-ndk-r16b/toolchains/arm-linux-androideabi-4.9/prebuilt/darwin-x86_64/bin/../lib/gcc/arm-linux-androideabi/4.9.x/../../../../arm-linux-androideabi/bin/ld: error: cannot find -lc
/Users/ryan/programs/ruis/android/tools/android-ndk-r16b/toolchains/arm-linux-androideabi-4.9/prebuilt/darwin-x86_64/bin/../lib/gcc/arm-linux-androideabi/4.9.x/../../../../arm-linux-androideabi/bin/ld: error: cannot find -ldl
collect2: error: ld returned 1 exit status


Compiling the CXX compiler identification source file "CMakeCXXCompilerId.cpp" failed.
Compiler: /Users/ryan/programs/ruis/android/tools/android-ndk-r16b/toolchains/arm-linux-androideabi-4.9/prebuilt/darwin-x86_64/bin/arm-linux-androideabi-g++ -march=armv7-a;-mfloat-abi=softfp
Build flags: 
Id flags:  

The output was:
1
/Users/ryan/programs/ruis/android/tools/android-ndk-r16b/toolchains/arm-linux-androideabi-4.9/prebuilt/darwin-x86_64/bin/../lib/gcc/arm-linux-androideabi/4.9.x/../../../../arm-linux-androideabi/bin/ld: error: cannot open crtbegin_dynamic.o: No such file or directory
/Users/ryan/programs/ruis/android/tools/android-ndk-r16b/toolchains/arm-linux-androideabi-4.9/prebuilt/darwin-x86_64/bin/../lib/gcc/arm-linux-androideabi/4.9.x/../../../../arm-linux-androideabi/bin/ld: error: cannot open crtend_android.o: No such file or directory
/Users/ryan/programs/ruis/android/tools/android-ndk-r16b/toolchains/arm-linux-androideabi-4.9/prebuilt/darwin-x86_64/bin/../lib/gcc/arm-linux-androideabi/4.9.x/../../../../arm-linux-androideabi/bin/ld: error: cannot find -lstdc++
/Users/ryan/programs/ruis/android/tools/android-ndk-r16b/toolchains/arm-linux-androideabi-4.9/prebuilt/darwin-x86_64/bin/../lib/gcc/arm-linux-androideabi/4.9.x/../../../../arm-linux-androideabi/bin/ld: error: cannot find -lm
/Users/ryan/programs/ruis/android/tools/android-ndk-r16b/toolchains/arm-linux-androideabi-4.9/prebuilt/darwin-x86_64/bin/../lib/gcc/arm-linux-androideabi/4.9.x/../../../../arm-linux-androideabi/bin/ld: error: cannot find -lc
/Users/ryan/programs/ruis/android/tools/android-ndk-r16b/toolchains/arm-linux-androideabi-4.9/prebuilt/darwin-x86_64/bin/../lib/gcc/arm-linux-androideabi/4.9.x/../../../../arm-linux-androideabi/bin/ld: error: cannot find -ldl
collect2: error: ld returned 1 exit status


Determining if the include file pthread.h exists failed with the following output:
Change Dir: /Users/ryan/programs/ruis/android/ffmpeg/FFmpeg/libaom/ruis_build/CMakeFiles/CMakeTmp

Run Build Command(s):/usr/bin/make cmTC_36c7a/fast && /Library/Developer/CommandLineTools/usr/bin/make  -f CMakeFiles/cmTC_36c7a.dir/build.make CMakeFiles/cmTC_36c7a.dir/build
Building C object CMakeFiles/cmTC_36c7a.dir/CheckIncludeFile.c.o
/Users/ryan/programs/ruis/android/tools/android-ndk-r16b/toolchains/arm-linux-androideabi-4.9/prebuilt/darwin-x86_64/bin/arm-linux-androideabi-gcc -march=armv7-a -mfloat-abi=softfp --sysroot=/Users/ryan/programs/ruis/android/tools/android-ndk-r16b/platforms/android-16/arch-arm    -o CMakeFiles/cmTC_36c7a.dir/CheckIncludeFile.c.o -c /Users/ryan/programs/ruis/android/ffmpeg/FFmpeg/libaom/ruis_build/CMakeFiles/CMakeTmp/CheckIncludeFile.c
/Users/ryan/programs/ruis/android/ffmpeg/FFmpeg/libaom/ruis_build/CMakeFiles/CMakeTmp/CheckIncludeFile.c:1:21: fatal error: pthread.h: No such file or directory
 #include <pthread.h>
                     ^
compilation terminated.
make[1]: *** [CMakeFiles/cmTC_36c7a.dir/CheckIncludeFile.c.o] Error 1
make: *** [cmTC_36c7a/fast] Error 2



Performing C SOURCE FILE Test C_TEST_COMPILED failed with the following output:
Change Dir: /Users/ryan/programs/ruis/android/ffmpeg/FFmpeg/libaom/ruis_build/CMakeFiles/CMakeTmp

Run Build Command(s):/usr/bin/make cmTC_311db/fast && /Library/Developer/CommandLineTools/usr/bin/make  -f CMakeFiles/cmTC_311db.dir/build.make CMakeFiles/cmTC_311db.dir/build
Building C object CMakeFiles/cmTC_311db.dir/src.c.o
/Users/ryan/programs/ruis/android/tools/android-ndk-r16b/toolchains/arm-linux-androideabi-4.9/prebuilt/darwin-x86_64/bin/arm-linux-androideabi-gcc -march=armv7-a -mfloat-abi=softfp --sysroot=/Users/ryan/programs/ruis/android/tools/android-ndk-r16b/platforms/android-16/arch-arm   -DC_TEST_COMPILED -o CMakeFiles/cmTC_311db.dir/src.c.o -c /Users/ryan/programs/ruis/android/ffmpeg/FFmpeg/libaom/ruis_build/CMakeFiles/CMakeTmp/src.c
/Users/ryan/programs/ruis/android/ffmpeg/FFmpeg/libaom/ruis_build/CMakeFiles/CMakeTmp/src.c:1:21: fatal error: unistd.h: No such file or directory
 #include <unistd.h> 
                     ^
compilation terminated.
make[1]: *** [CMakeFiles/cmTC_311db.dir/src.c.o] Error 1
make: *** [cmTC_311db/fast] Error 2


Source file was:
#include <unistd.h> 
int main(void) { return 0; }
Performing C++ SOURCE FILE Test CXX_TEST_COMPILED failed with the following output:
Change Dir: /Users/ryan/programs/ruis/android/ffmpeg/FFmpeg/libaom/ruis_build/CMakeFiles/CMakeTmp

Run Build Command(s):/usr/bin/make cmTC_33430/fast && /Library/Developer/CommandLineTools/usr/bin/make  -f CMakeFiles/cmTC_33430.dir/build.make CMakeFiles/cmTC_33430.dir/build
Building CXX object CMakeFiles/cmTC_33430.dir/src.cxx.o
/Users/ryan/programs/ruis/android/tools/android-ndk-r16b/toolchains/arm-linux-androideabi-4.9/prebuilt/darwin-x86_64/bin/arm-linux-androideabi-g++ -march=armv7-a -mfloat-abi=softfp --sysroot=/Users/ryan/programs/ruis/android/tools/android-ndk-r16b/platforms/android-16/arch-arm   -DCXX_TEST_COMPILED -o CMakeFiles/cmTC_33430.dir/src.cxx.o -c /Users/ryan/programs/ruis/android/ffmpeg/FFmpeg/libaom/ruis_build/CMakeFiles/CMakeTmp/src.cxx
/Users/ryan/programs/ruis/android/ffmpeg/FFmpeg/libaom/ruis_build/CMakeFiles/CMakeTmp/src.cxx:1:21: fatal error: unistd.h: No such file or directory
 #include <unistd.h> 
                     ^
compilation terminated.
make[1]: *** [CMakeFiles/cmTC_33430.dir/src.cxx.o] Error 1
make: *** [cmTC_33430/fast] Error 2


Source file was:
#include <unistd.h> 
int main() { return 0; }
Performing C SOURCE FILE Test C_TEST_COMPILED failed with the following output:
Change Dir: /Users/ryan/programs/ruis/android/ffmpeg/FFmpeg/libaom/ruis_build/CMakeFiles/CMakeTmp

Run Build Command(s):/usr/bin/make cmTC_54f38/fast && /Library/Developer/CommandLineTools/usr/bin/make  -f CMakeFiles/cmTC_54f38.dir/build.make CMakeFiles/cmTC_54f38.dir/build
Building C object CMakeFiles/cmTC_54f38.dir/src.c.o
/Users/ryan/programs/ruis/android/tools/android-ndk-r16b/toolchains/arm-linux-androideabi-4.9/prebuilt/darwin-x86_64/bin/arm-linux-androideabi-gcc -march=armv7-a -mfloat-abi=softfp --sysroot=/Users/ryan/programs/ruis/android/tools/android-ndk-r16b/platforms/android-16/arch-arm   -DC_TEST_COMPILED -o CMakeFiles/cmTC_54f38.dir/src.c.o -c /Users/ryan/programs/ruis/android/ffmpeg/FFmpeg/libaom/ruis_build/CMakeFiles/CMakeTmp/src.c
/Users/ryan/programs/ruis/android/ffmpeg/FFmpeg/libaom/ruis_build/CMakeFiles/CMakeTmp/src.c:2:42: fatal error: fenv.h: No such file or directory
                         #include <fenv.h>
                                          ^
compilation terminated.
make[1]: *** [CMakeFiles/cmTC_54f38.dir/src.c.o] Error 1
make: *** [cmTC_54f38/fast] Error 2


Source file was:
#define _GNU_SOURCE
                        #include <fenv.h>
                        void unused(void) {
                          (void)unused;
                          (void)feenableexcept(FE_DIVBYZERO | FE_INVALID);
                        } 
int main(void) { return 0; }
Performing C SOURCE FILE Test C_FLAG_SUPPORTED failed with the following output:
Change Dir: /Users/ryan/programs/ruis/android/ffmpeg/FFmpeg/libaom/ruis_build/CMakeFiles/CMakeTmp

Run Build Command(s):/usr/bin/make cmTC_f513b/fast && /Library/Developer/CommandLineTools/usr/bin/make  -f CMakeFiles/cmTC_f513b.dir/build.make CMakeFiles/cmTC_f513b.dir/build
Building C object CMakeFiles/cmTC_f513b.dir/src.c.o
/Users/ryan/programs/ruis/android/tools/android-ndk-r16b/toolchains/arm-linux-androideabi-4.9/prebuilt/darwin-x86_64/bin/arm-linux-androideabi-gcc -march=armv7-a -mfloat-abi=softfp --sysroot=/Users/ryan/programs/ruis/android/tools/android-ndk-r16b/platforms/android-16/arch-arm   -DC_FLAG_SUPPORTED   -Wshorten-64-to-32 -o CMakeFiles/cmTC_f513b.dir/src.c.o -c /Users/ryan/programs/ruis/android/ffmpeg/FFmpeg/libaom/ruis_build/CMakeFiles/CMakeTmp/src.c
arm-linux-androideabi-gcc: error: unrecognized command line option '-Wshorten-64-to-32'
make[1]: *** [CMakeFiles/cmTC_f513b.dir/src.c.o] Error 1
make: *** [cmTC_f513b/fast] Error 2


Source file was:
int main(void) { return 0; }
Performing C++ SOURCE FILE Test CXX_FLAG_SUPPORTED failed with the following output:
Change Dir: /Users/ryan/programs/ruis/android/ffmpeg/FFmpeg/libaom/ruis_build/CMakeFiles/CMakeTmp

Run Build Command(s):/usr/bin/make cmTC_66ca2/fast && /Library/Developer/CommandLineTools/usr/bin/make  -f CMakeFiles/cmTC_66ca2.dir/build.make CMakeFiles/cmTC_66ca2.dir/build
Building CXX object CMakeFiles/cmTC_66ca2.dir/src.cxx.o
/Users/ryan/programs/ruis/android/tools/android-ndk-r16b/toolchains/arm-linux-androideabi-4.9/prebuilt/darwin-x86_64/bin/arm-linux-androideabi-g++ -march=armv7-a -mfloat-abi=softfp --sysroot=/Users/ryan/programs/ruis/android/tools/android-ndk-r16b/platforms/android-16/arch-arm   -DCXX_FLAG_SUPPORTED   -Wshorten-64-to-32 -o CMakeFiles/cmTC_66ca2.dir/src.cxx.o -c /Users/ryan/programs/ruis/android/ffmpeg/FFmpeg/libaom/ruis_build/CMakeFiles/CMakeTmp/src.cxx
arm-linux-androideabi-g++: error: unrecognized command line option '-Wshorten-64-to-32'
make[1]: *** [CMakeFiles/cmTC_66ca2.dir/src.cxx.o] Error 1
make: *** [cmTC_66ca2/fast] Error 2


Source file was:
int main() { return 0; }
Performing C SOURCE FILE Test C_FLAG_SUPPORTED failed with the following output:
Change Dir: /Users/ryan/programs/ruis/android/ffmpeg/FFmpeg/libaom/ruis_build/CMakeFiles/CMakeTmp

Run Build Command(s):/usr/bin/make cmTC_13077/fast && /Library/Developer/CommandLineTools/usr/bin/make  -f CMakeFiles/cmTC_13077.dir/build.make CMakeFiles/cmTC_13077.dir/build
Building C object CMakeFiles/cmTC_13077.dir/src.c.o
/Users/ryan/programs/ruis/android/tools/android-ndk-r16b/toolchains/arm-linux-androideabi-4.9/prebuilt/darwin-x86_64/bin/arm-linux-androideabi-gcc -march=armv7-a -mfloat-abi=softfp --sysroot=/Users/ryan/programs/ruis/android/tools/android-ndk-r16b/platforms/android-16/arch-arm   -DC_FLAG_SUPPORTED   -Wstring-conversion -o CMakeFiles/cmTC_13077.dir/src.c.o -c /Users/ryan/programs/ruis/android/ffmpeg/FFmpeg/libaom/ruis_build/CMakeFiles/CMakeTmp/src.c
arm-linux-androideabi-gcc: error: unrecognized command line option '-Wstring-conversion'
make[1]: *** [CMakeFiles/cmTC_13077.dir/src.c.o] Error 1
make: *** [cmTC_13077/fast] Error 2


Source file was:
int main(void) { return 0; }
Performing C++ SOURCE FILE Test CXX_FLAG_SUPPORTED failed with the following output:
Change Dir: /Users/ryan/programs/ruis/android/ffmpeg/FFmpeg/libaom/ruis_build/CMakeFiles/CMakeTmp

Run Build Command(s):/usr/bin/make cmTC_c0333/fast && /Library/Developer/CommandLineTools/usr/bin/make  -f CMakeFiles/cmTC_c0333.dir/build.make CMakeFiles/cmTC_c0333.dir/build
Building CXX object CMakeFiles/cmTC_c0333.dir/src.cxx.o
/Users/ryan/programs/ruis/android/tools/android-ndk-r16b/toolchains/arm-linux-androideabi-4.9/prebuilt/darwin-x86_64/bin/arm-linux-androideabi-g++ -march=armv7-a -mfloat-abi=softfp --sysroot=/Users/ryan/programs/ruis/android/tools/android-ndk-r16b/platforms/android-16/arch-arm   -DCXX_FLAG_SUPPORTED   -Wstring-conversion -o CMakeFiles/cmTC_c0333.dir/src.cxx.o -c /Users/ryan/programs/ruis/android/ffmpeg/FFmpeg/libaom/ruis_build/CMakeFiles/CMakeTmp/src.cxx
arm-linux-androideabi-g++: error: unrecognized command line option '-Wstring-conversion'
make[1]: *** [CMakeFiles/cmTC_c0333.dir/src.cxx.o] Error 1
make: *** [cmTC_c0333/fast] Error 2


Source file was:
int main() { return 0; }
